============================================================
Starting command at Thu Apr 30 20:03:24 IST 2026
Command: test -d /Users/sd/Desktop/recomart_pipeline && test -f /Users/sd/Desktop/recomart_pipeline/.env && test -x /Users/sd/Desktop/recomart_pipeline/.venv/bin/python && /Users/sd/Desktop/recomart_pipeline/.venv/bin/python --version && echo Project environment check passed
============================================================
Project environment check passed
============================================================
Finished command at Thu Apr 30 20:03:24 IST 2026 with exit code 0
============================================================
============================================================
Starting command at Thu Apr 30 20:21:58 IST 2026
Command: test -d /Users/sd/Desktop/recomart_pipeline && test -f /Users/sd/Desktop/recomart_pipeline/.env && test -x /Users/sd/Desktop/recomart_pipeline/.venv/bin/python && /Users/sd/Desktop/recomart_pipeline/.venv/bin/python --version && echo Project environment check passed
============================================================
Project environment check passed
============================================================
Finished command at Thu Apr 30 20:21:58 IST 2026 with exit code 0
============================================================
============================================================
Starting command at Thu Apr 30 20:26:04 IST 2026
Command: test -d /Users/sd/Desktop/recomart_pipeline && test -f /Users/sd/Desktop/recomart_pipeline/.env && test -x /Users/sd/Desktop/recomart_pipeline/.venv/bin/python && /Users/sd/Desktop/recomart_pipeline/.venv/bin/python --version && echo Project environment check passed
============================================================
Project environment check passed
============================================================
Finished command at Thu Apr 30 20:26:04 IST 2026 with exit code 0
============================================================
============================================================
Starting command at Thu Apr 30 20:39:51 IST 2026
Command: test -d /Users/sd/Desktop/recomart_pipeline && test -f /Users/sd/Desktop/recomart_pipeline/.env && test -x /Users/sd/Desktop/recomart_pipeline/.venv/bin/python && /Users/sd/Desktop/recomart_pipeline/.venv/bin/python --version && echo Project environment check passed
============================================================
Project environment check passed
============================================================
Finished command at Thu Apr 30 20:39:51 IST 2026 with exit code 0
============================================================
============================================================
Starting command at Thu Apr 30 20:41:25 IST 2026
Command: test -d /Users/sd/Desktop/recomart_pipeline && test -f /Users/sd/Desktop/recomart_pipeline/.env && test -x /Users/sd/Desktop/recomart_pipeline/.venv/bin/python && /Users/sd/Desktop/recomart_pipeline/.venv/bin/python --version && echo Project environment check passed
============================================================
Project environment check passed
============================================================
Finished command at Thu Apr 30 20:41:25 IST 2026 with exit code 0
============================================================
============================================================
Starting command at Sat May  2 14:25:26 IST 2026
Command: test -d /Users/sd/Desktop/recomart_pipeline && test -f /Users/sd/Desktop/recomart_pipeline/.env && test -x /Users/sd/Desktop/recomart_pipeline/.venv/bin/python && /Users/sd/Desktop/recomart_pipeline/.venv/bin/python --version && echo Project environment check passed
============================================================
Project environment check passed
============================================================
Finished command at Sat May  2 14:25:27 IST 2026 with exit code 0
============================================================
============================================================
Starting command at Sat May  2 14:27:54 IST 2026
Command: test -d /Users/sd/Desktop/recomart_pipeline && test -f /Users/sd/Desktop/recomart_pipeline/.env && test -x /Users/sd/Desktop/recomart_pipeline/.venv/bin/python && /Users/sd/Desktop/recomart_pipeline/.venv/bin/python --version && echo Project environment check passed
============================================================
Project environment check passed
============================================================
Finished command at Sat May  2 14:27:54 IST 2026 with exit code 0
============================================================
