============================================================
Starting command at Thu Apr 30 20:21:58 IST 2026
Command: /Users/sd/Desktop/recomart_pipeline/.venv/bin/python ingestion/run_ingestion.py
============================================================
Traceback (most recent call last):
  File "/Users/sd/Desktop/recomart_pipeline/ingestion/run_ingestion.py", line 8, in <module>
    from snowflake_load.load_raw_from_s3 import load_raw_from_s3
ModuleNotFoundError: No module named 'snowflake_load'
============================================================
Finished command at Thu Apr 30 20:21:59 IST 2026 with exit code 1
============================================================
============================================================
Starting command at Thu Apr 30 20:26:04 IST 2026
Command: /Users/sd/Desktop/recomart_pipeline/.venv/bin/python ingestion/run_ingestion.py
============================================================
2026-04-30 20:26:05,575 | INFO | run_ingestion | Starting RecoMart ingestion pipeline
2026-04-30 20:26:05,707 | INFO | recomart_csv_ingestion | Starting RecoMart CSV ingestion. batch_id=8fa15da2-4c78-4e1e-8dd3-faa72c34645d
2026-04-30 20:26:05,707 | INFO | recomart_csv_ingestion | Uploading data/source/recomart/events.csv to s3://recomartdatalake/raw/recomart/events/ingestion_date=2026-04-30/events.csv
2026-04-30 20:26:25,739 | INFO | recomart_csv_ingestion | Upload successful: s3://recomartdatalake/raw/recomart/events/ingestion_date=2026-04-30/events.csv
2026-04-30 20:26:25,741 | INFO | recomart_csv_ingestion | Uploading data/source/recomart/item_properties_part1.csv to s3://recomartdatalake/raw/recomart/item_properties/ingestion_date=2026-04-30/item_properties_part1.csv
2026-04-30 20:28:05,083 | INFO | recomart_csv_ingestion | Upload successful: s3://recomartdatalake/raw/recomart/item_properties/ingestion_date=2026-04-30/item_properties_part1.csv
2026-04-30 20:28:05,084 | INFO | recomart_csv_ingestion | Uploading data/source/recomart/item_properties_part2.csv to s3://recomartdatalake/raw/recomart/item_properties/ingestion_date=2026-04-30/item_properties_part2.csv
2026-04-30 20:29:28,908 | INFO | recomart_csv_ingestion | Upload successful: s3://recomartdatalake/raw/recomart/item_properties/ingestion_date=2026-04-30/item_properties_part2.csv
2026-04-30 20:29:28,911 | INFO | recomart_csv_ingestion | Uploading data/source/recomart/category_tree.csv to s3://recomartdatalake/raw/recomart/category_tree/ingestion_date=2026-04-30/category_tree.csv
2026-04-30 20:29:29,011 | INFO | recomart_csv_ingestion | Upload successful: s3://recomartdatalake/raw/recomart/category_tree/ingestion_date=2026-04-30/category_tree.csv
2026-04-30 20:29:29,011 | INFO | recomart_csv_ingestion | RecoMart CSV ingestion completed with status=SUCCESS
2026-04-30 20:29:29,017 | INFO | external_api_ingestion | Starting external API ingestion. batch_id=47d8c5ad-395a-427a-8d0c-2d08d1b9778d
2026-04-30 20:29:29,017 | INFO | external_api_ingestion | Fetching external product data from API: https://dummyjson.com/products
2026-04-30 20:29:29,882 | INFO | external_api_ingestion | External API fetch successful
2026-04-30 20:29:29,908 | INFO | external_api_ingestion | Uploading external API JSON to s3://recomartdatalake/raw/external_api/dummyjson_products/ingestion_date=2026-04-30/products.json
2026-04-30 20:29:30,226 | INFO | external_api_ingestion | Upload successful: s3://recomartdatalake/raw/external_api/dummyjson_products/ingestion_date=2026-04-30/products.json
2026-04-30 20:29:30,226 | INFO | external_api_ingestion | External API ingestion completed with status=SUCCESS
2026-04-30 20:29:30,230 | INFO | run_ingestion | S3 upload completed. Starting automated S3 to Snowflake RAW load.
2026-04-30 20:29:30,232 | INFO | snowflake_raw_loader | Starting automated S3 to Snowflake RAW load
2026-04-30 20:29:31,122 | INFO | snowflake_raw_loader | Executing SQL file: sql/load_raw_from_s3.sql
2026-04-30 20:29:31,123 | INFO | snowflake_raw_loader | Running statement 1/15
2026-04-30 20:29:31,307 | INFO | snowflake_raw_loader | Statement 1 completed successfully
2026-04-30 20:29:31,308 | INFO | snowflake_raw_loader | Running statement 2/15
2026-04-30 20:29:31,462 | INFO | snowflake_raw_loader | Statement 2 completed successfully
2026-04-30 20:29:31,462 | INFO | snowflake_raw_loader | Running statement 3/15
2026-04-30 20:29:31,597 | INFO | snowflake_raw_loader | Statement 3 completed successfully
2026-04-30 20:29:31,597 | INFO | snowflake_raw_loader | Running statement 4/15
2026-04-30 20:29:31,740 | INFO | snowflake_raw_loader | Statement 4 completed successfully
2026-04-30 20:29:31,741 | INFO | snowflake_raw_loader | Running statement 5/15
2026-04-30 20:29:31,874 | INFO | snowflake_raw_loader | Statement 5 completed successfully
2026-04-30 20:29:31,874 | INFO | snowflake_raw_loader | Running statement 6/15
2026-04-30 20:29:31,993 | INFO | snowflake_raw_loader | Statement 6 completed successfully
2026-04-30 20:29:31,994 | INFO | snowflake_raw_loader | Running statement 7/15
2026-04-30 20:29:43,856 | INFO | snowflake_raw_loader | Statement 7 completed successfully
2026-04-30 20:29:43,856 | INFO | snowflake_raw_loader | Running statement 8/15
2026-04-30 20:30:03,926 | INFO | snowflake_raw_loader | Statement 8 completed successfully
2026-04-30 20:30:03,926 | INFO | snowflake_raw_loader | Running statement 9/15
2026-04-30 20:30:10,409 | INFO | snowflake_raw_loader | Statement 9 completed successfully
2026-04-30 20:30:10,410 | INFO | snowflake_raw_loader | Running statement 10/15
2026-04-30 20:30:18,939 | INFO | snowflake_raw_loader | Statement 10 completed successfully
2026-04-30 20:30:18,939 | INFO | snowflake_raw_loader | Running statement 11/15
2026-04-30 20:30:25,467 | INFO | snowflake_raw_loader | Statement 11 completed successfully
2026-04-30 20:30:25,467 | INFO | snowflake_raw_loader | Running statement 12/15
2026-04-30 20:30:29,198 | INFO | snowflake_raw_loader | Statement 12 completed successfully
2026-04-30 20:30:29,198 | INFO | snowflake_raw_loader | Running statement 13/15
2026-04-30 20:30:31,828 | INFO | snowflake_raw_loader | Statement 13 completed successfully
2026-04-30 20:30:31,828 | INFO | snowflake_raw_loader | Running statement 14/15
2026-04-30 20:30:32,253 | INFO | snowflake_raw_loader | Statement 14 completed successfully
2026-04-30 20:30:32,253 | INFO | snowflake_raw_loader | Running statement 15/15
2026-04-30 20:30:32,468 | INFO | snowflake_raw_loader | Statement 15 completed successfully
2026-04-30 20:30:32,469 | INFO | snowflake_raw_loader | Automated S3 to Snowflake RAW load completed successfully
2026-04-30 20:30:32,682 | INFO | snowflake_raw_loader | Snowflake connection closed
2026-04-30 20:30:32,683 | INFO | run_ingestion | RecoMart ingestion + Snowflake RAW load pipeline completed
2026-04-30 20:30:32,683 | INFO | run_ingestion | {
  "pipeline_name": "recomart_raw_data_ingestion_and_snowflake_load",
  "pipeline_start_time": "2026-04-30T14:56:05.575885+00:00",
  "pipeline_end_time": "2026-04-30T15:00:32.683401+00:00",
  "recomart_csv_ingestion": {
    "batch_id": "8fa15da2-4c78-4e1e-8dd3-faa72c34645d",
    "ingestion_date": "2026-04-30",
    "status": "SUCCESS",
    "uploaded_files": [
      {
        "source_name": "events",
        "local_path": "data/source/recomart/events.csv",
        "s3_path": "s3://recomartdatalake/raw/recomart/events/ingestion_date=2026-04-30/events.csv"
      },
      {
        "source_name": "item_properties_part1",
        "local_path": "data/source/recomart/item_properties_part1.csv",
        "s3_path": "s3://recomartdatalake/raw/recomart/item_properties/ingestion_date=2026-04-30/item_properties_part1.csv"
      },
      {
        "source_name": "item_properties_part2",
        "local_path": "data/source/recomart/item_properties_part2.csv",
        "s3_path": "s3://recomartdatalake/raw/recomart/item_properties/ingestion_date=2026-04-30/item_properties_part2.csv"
      },
      {
        "source_name": "category_tree",
        "local_path": "data/source/recomart/category_tree.csv",
        "s3_path": "s3://recomartdatalake/raw/recomart/category_tree/ingestion_date=2026-04-30/category_tree.csv"
      }
    ],
    "failed_files": []
  },
  "external_api_ingestion": {
    "batch_id": "47d8c5ad-395a-427a-8d0c-2d08d1b9778d",
    "ingestion_date": "2026-04-30",
    "source_name": "dummyjson_products_api",
    "status": "SUCCESS",
    "s3_path": "s3://recomartdatalake/raw/external_api/dummyjson_products/ingestion_date=2026-04-30/products.json"
  },
  "snowflake_raw_load": "SUCCESS"
}
============================================================
Finished command at Thu Apr 30 20:30:32 IST 2026 with exit code 0
============================================================
============================================================
Starting command at Thu Apr 30 20:39:51 IST 2026
Command: /Users/sd/Desktop/recomart_pipeline/.venv/bin/python ingestion/run_ingestion.py
============================================================
2026-04-30 20:39:52,198 | INFO | run_ingestion | Starting RecoMart ingestion pipeline
2026-04-30 20:39:52,351 | INFO | recomart_csv_ingestion | Starting RecoMart CSV ingestion. batch_id=ecc6aaf0-396c-4df4-a590-c2cd03771403
2026-04-30 20:39:52,351 | INFO | recomart_csv_ingestion | Uploading data/source/recomart/events.csv to s3://recomartdatalake/raw/recomart/events/ingestion_date=2026-04-30/events.csv
2026-04-30 20:40:12,195 | INFO | recomart_csv_ingestion | Upload successful: s3://recomartdatalake/raw/recomart/events/ingestion_date=2026-04-30/events.csv
2026-04-30 20:40:12,196 | INFO | recomart_csv_ingestion | Uploading data/source/recomart/item_properties_part1.csv to s3://recomartdatalake/raw/recomart/item_properties/ingestion_date=2026-04-30/item_properties_part1.csv
============================================================
Starting command at Thu Apr 30 20:41:25 IST 2026
Command: /Users/sd/Desktop/recomart_pipeline/.venv/bin/python ingestion/run_ingestion.py
============================================================
2026-04-30 20:41:26,500 | INFO | run_ingestion | Starting RecoMart ingestion pipeline
2026-04-30 20:41:26,622 | INFO | recomart_csv_ingestion | Starting RecoMart CSV ingestion. batch_id=bd537dc6-9c2e-4da8-a719-66b0483e56ce
2026-04-30 20:41:26,623 | INFO | recomart_csv_ingestion | Uploading data/source/recomart/events.csv to s3://recomartdatalake/raw/recomart/events/ingestion_date=2026-04-30/events.csv
