============================================================
Starting command at Sat May  2 15:46:36 IST 2026
Command: /Users/sd/Desktop/recomart_pipeline/.venv/bin/python reporting/generate_reports.py
============================================================
2026-05-02 15:46:37,092 | INFO | recomart_report_generator | Starting RecoMart report generation
2026-05-02 15:46:42,861 | INFO | recomart_report_generator | RecoMart report generation completed successfully
2026-05-02 15:46:43,043 | INFO | recomart_report_generator | Snowflake connection closed

RecoMart Reports Generated
============================================================
- reports/data_quality_report.md
- reports/eda_report.md
- reports/feature_engineering_report.md
- reports/feature_store_report.md
- reports/lineage_report.md
- reports/model_performance_report.md
- reports/orchestration_report.md
- reports/report_index.md
============================================================
Detailed CSV exports are available under reports/exports/
============================================================
Finished command at Sat May  2 15:46:43 IST 2026 with exit code 0
============================================================
