[2026-05-02T14:27:54.778+0530] {dagbag.py:588} INFO - Filling up the DagBag from /Users/sd/Desktop/recomart_pipeline/airflow_cli_home/dags
[2026-05-02T14:27:54.792+0530] {dag.py:4435} INFO - dagrun id: recomart_cli_end_to_end_pipeline
[2026-05-02T14:27:54.798+0530] {dag.py:4451} INFO - created dagrun <DagRun recomart_cli_end_to_end_pipeline @ 2026-05-02 14:27:52+00:00: manual__2026-05-02T14:27:52+00:00, state:running, queued_at: None. externally triggered: False>
[2026-05-02T14:27:54.812+0530] {dag.py:4396} INFO - [DAG TEST] starting task_id=start_pipeline map_index=-1
[2026-05-02T14:27:54.812+0530] {dag.py:4399} INFO - [DAG TEST] running task <TaskInstance: recomart_cli_end_to_end_pipeline.start_pipeline manual__2026-05-02T14:27:52+00:00 [scheduled]>
[2026-05-02 14:27:54,837] {taskinstance.py:3134} INFO - Exporting env vars: AIRFLOW_CTX_DAG_OWNER='recomart-data-platform' AIRFLOW_CTX_DAG_ID='recomart_cli_end_to_end_pipeline' AIRFLOW_CTX_TASK_ID='start_pipeline' AIRFLOW_CTX_EXECUTION_DATE='2026-05-02T14:27:52+00:00' AIRFLOW_CTX_TRY_NUMBER='1' AIRFLOW_CTX_DAG_RUN_ID='manual__2026-05-02T14:27:52+00:00'
[2026-05-02T14:27:54.837+0530] {taskinstance.py:3134} INFO - Exporting env vars: AIRFLOW_CTX_DAG_OWNER='recomart-data-platform' AIRFLOW_CTX_DAG_ID='recomart_cli_end_to_end_pipeline' AIRFLOW_CTX_TASK_ID='start_pipeline' AIRFLOW_CTX_EXECUTION_DATE='2026-05-02T14:27:52+00:00' AIRFLOW_CTX_TRY_NUMBER='1' AIRFLOW_CTX_DAG_RUN_ID='manual__2026-05-02T14:27:52+00:00'
[2026-05-02T14:27:54.838+0530] {taskinstance.py:732} INFO - ::endgroup::
[2026-05-02T14:27:54.855+0530] {taskinstance.py:341} INFO - ::group::Post task execution logs
[2026-05-02T14:27:54.855+0530] {taskinstance.py:353} INFO - Marking task as SUCCESS. dag_id=recomart_cli_end_to_end_pipeline, task_id=start_pipeline, run_id=manual__2026-05-02T14:27:52+00:00, execution_date=20260502T142752, start_date=, end_date=20260502T085754
[2026-05-02T14:27:54.861+0530] {dag.py:4410} INFO - [DAG TEST] end task task_id=start_pipeline map_index=-1
[2026-05-02T14:27:54.870+0530] {dag.py:4396} INFO - [DAG TEST] starting task_id=check_environment map_index=-1
[2026-05-02T14:27:54.870+0530] {dag.py:4399} INFO - [DAG TEST] running task <TaskInstance: recomart_cli_end_to_end_pipeline.check_environment manual__2026-05-02T14:27:52+00:00 [scheduled]>
[2026-05-02 14:27:54,882] {taskinstance.py:3134} INFO - Exporting env vars: AIRFLOW_CTX_DAG_OWNER='recomart-data-platform' AIRFLOW_CTX_DAG_ID='recomart_cli_end_to_end_pipeline' AIRFLOW_CTX_TASK_ID='check_environment' AIRFLOW_CTX_EXECUTION_DATE='2026-05-02T14:27:52+00:00' AIRFLOW_CTX_TRY_NUMBER='1' AIRFLOW_CTX_DAG_RUN_ID='manual__2026-05-02T14:27:52+00:00'
[2026-05-02T14:27:54.882+0530] {taskinstance.py:3134} INFO - Exporting env vars: AIRFLOW_CTX_DAG_OWNER='recomart-data-platform' AIRFLOW_CTX_DAG_ID='recomart_cli_end_to_end_pipeline' AIRFLOW_CTX_TASK_ID='check_environment' AIRFLOW_CTX_EXECUTION_DATE='2026-05-02T14:27:52+00:00' AIRFLOW_CTX_TRY_NUMBER='1' AIRFLOW_CTX_DAG_RUN_ID='manual__2026-05-02T14:27:52+00:00'
[2026-05-02T14:27:54.882+0530] {taskinstance.py:732} INFO - ::endgroup::
[2026-05-02 14:27:54,883] {subprocess.py:78} INFO - Tmp dir root location: /var/folders/5l/ggx_ps317gg8f1skc6s5fnl40000gn/T
[2026-05-02T14:27:54.883+0530] {subprocess.py:78} INFO - Tmp dir root location: /var/folders/5l/ggx_ps317gg8f1skc6s5fnl40000gn/T
[2026-05-02 14:27:54,883] {subprocess.py:88} INFO - Running command: ['/bin/bash', '-c', '\n    set -e\n    cd "/Users/sd/Desktop/recomart_pipeline"\n    mkdir -p logs/airflow\n    echo "============================================================" | tee -a "/Users/sd/Desktop/recomart_pipeline/logs/airflow/01_check_environment.log"\n    echo "Starting command at $(date)" | tee -a "/Users/sd/Desktop/recomart_pipeline/logs/airflow/01_check_environment.log"\n    echo "Command: test -d "/Users/sd/Desktop/recomart_pipeline" && test -f "/Users/sd/Desktop/recomart_pipeline/.env" && test -x "/Users/sd/Desktop/recomart_pipeline/.venv/bin/python" && "/Users/sd/Desktop/recomart_pipeline/.venv/bin/python" --version && echo "Project environment check passed"" | tee -a "/Users/sd/Desktop/recomart_pipeline/logs/airflow/01_check_environment.log"\n    echo "============================================================" | tee -a "/Users/sd/Desktop/recomart_pipeline/logs/airflow/01_check_environment.log"\n    test -d "/Users/sd/Desktop/recomart_pipeline" && test -f "/Users/sd/Desktop/recomart_pipeline/.env" && test -x "/Users/sd/Desktop/recomart_pipeline/.venv/bin/python" && "/Users/sd/Desktop/recomart_pipeline/.venv/bin/python" --version && echo "Project environment check passed" 2>&1 | tee -a "/Users/sd/Desktop/recomart_pipeline/logs/airflow/01_check_environment.log"\n    EXIT_CODE=${PIPESTATUS[0]}\n    echo "============================================================" | tee -a "/Users/sd/Desktop/recomart_pipeline/logs/airflow/01_check_environment.log"\n    echo "Finished command at $(date) with exit code $EXIT_CODE" | tee -a "/Users/sd/Desktop/recomart_pipeline/logs/airflow/01_check_environment.log"\n    echo "============================================================" | tee -a "/Users/sd/Desktop/recomart_pipeline/logs/airflow/01_check_environment.log"\n    exit $EXIT_CODE\n    ']
[2026-05-02T14:27:54.883+0530] {subprocess.py:88} INFO - Running command: ['/bin/bash', '-c', '\n    set -e\n    cd "/Users/sd/Desktop/recomart_pipeline"\n    mkdir -p logs/airflow\n    echo "============================================================" | tee -a "/Users/sd/Desktop/recomart_pipeline/logs/airflow/01_check_environment.log"\n    echo "Starting command at $(date)" | tee -a "/Users/sd/Desktop/recomart_pipeline/logs/airflow/01_check_environment.log"\n    echo "Command: test -d "/Users/sd/Desktop/recomart_pipeline" && test -f "/Users/sd/Desktop/recomart_pipeline/.env" && test -x "/Users/sd/Desktop/recomart_pipeline/.venv/bin/python" && "/Users/sd/Desktop/recomart_pipeline/.venv/bin/python" --version && echo "Project environment check passed"" | tee -a "/Users/sd/Desktop/recomart_pipeline/logs/airflow/01_check_environment.log"\n    echo "============================================================" | tee -a "/Users/sd/Desktop/recomart_pipeline/logs/airflow/01_check_environment.log"\n    test -d "/Users/sd/Desktop/recomart_pipeline" && test -f "/Users/sd/Desktop/recomart_pipeline/.env" && test -x "/Users/sd/Desktop/recomart_pipeline/.venv/bin/python" && "/Users/sd/Desktop/recomart_pipeline/.venv/bin/python" --version && echo "Project environment check passed" 2>&1 | tee -a "/Users/sd/Desktop/recomart_pipeline/logs/airflow/01_check_environment.log"\n    EXIT_CODE=${PIPESTATUS[0]}\n    echo "============================================================" | tee -a "/Users/sd/Desktop/recomart_pipeline/logs/airflow/01_check_environment.log"\n    echo "Finished command at $(date) with exit code $EXIT_CODE" | tee -a "/Users/sd/Desktop/recomart_pipeline/logs/airflow/01_check_environment.log"\n    echo "============================================================" | tee -a "/Users/sd/Desktop/recomart_pipeline/logs/airflow/01_check_environment.log"\n    exit $EXIT_CODE\n    ']
[2026-05-02 14:27:54,888] {subprocess.py:99} INFO - Output:
[2026-05-02T14:27:54.888+0530] {subprocess.py:99} INFO - Output:
[2026-05-02 14:27:54,907] {subprocess.py:106} INFO - ============================================================
[2026-05-02T14:27:54.907+0530] {subprocess.py:106} INFO - ============================================================
[2026-05-02 14:27:54,911] {subprocess.py:106} INFO - Starting command at Sat May  2 14:27:54 IST 2026
[2026-05-02T14:27:54.911+0530] {subprocess.py:106} INFO - Starting command at Sat May  2 14:27:54 IST 2026
[2026-05-02 14:27:54,916] {subprocess.py:106} INFO - Command: test -d /Users/sd/Desktop/recomart_pipeline && test -f /Users/sd/Desktop/recomart_pipeline/.env && test -x /Users/sd/Desktop/recomart_pipeline/.venv/bin/python && /Users/sd/Desktop/recomart_pipeline/.venv/bin/python --version && echo Project environment check passed
[2026-05-02T14:27:54.916+0530] {subprocess.py:106} INFO - Command: test -d /Users/sd/Desktop/recomart_pipeline && test -f /Users/sd/Desktop/recomart_pipeline/.env && test -x /Users/sd/Desktop/recomart_pipeline/.venv/bin/python && /Users/sd/Desktop/recomart_pipeline/.venv/bin/python --version && echo Project environment check passed
[2026-05-02 14:27:54,919] {subprocess.py:106} INFO - ============================================================
[2026-05-02T14:27:54.919+0530] {subprocess.py:106} INFO - ============================================================
[2026-05-02 14:27:54,933] {subprocess.py:106} INFO - Python 3.11.5
[2026-05-02T14:27:54.933+0530] {subprocess.py:106} INFO - Python 3.11.5
[2026-05-02 14:27:54,937] {subprocess.py:106} INFO - Project environment check passed
[2026-05-02T14:27:54.937+0530] {subprocess.py:106} INFO - Project environment check passed
[2026-05-02 14:27:54,941] {subprocess.py:106} INFO - ============================================================
[2026-05-02T14:27:54.941+0530] {subprocess.py:106} INFO - ============================================================
[2026-05-02 14:27:54,945] {subprocess.py:106} INFO - Finished command at Sat May  2 14:27:54 IST 2026 with exit code 0
[2026-05-02T14:27:54.945+0530] {subprocess.py:106} INFO - Finished command at Sat May  2 14:27:54 IST 2026 with exit code 0
[2026-05-02 14:27:54,950] {subprocess.py:106} INFO - ============================================================
[2026-05-02T14:27:54.950+0530] {subprocess.py:106} INFO - ============================================================
[2026-05-02 14:27:54,950] {subprocess.py:110} INFO - Command exited with return code 0
[2026-05-02T14:27:54.950+0530] {subprocess.py:110} INFO - Command exited with return code 0
[2026-05-02T14:27:54.958+0530] {taskinstance.py:341} INFO - ::group::Post task execution logs
[2026-05-02T14:27:54.958+0530] {taskinstance.py:353} INFO - Marking task as SUCCESS. dag_id=recomart_cli_end_to_end_pipeline, task_id=check_environment, run_id=manual__2026-05-02T14:27:52+00:00, execution_date=20260502T142752, start_date=, end_date=20260502T085754
[2026-05-02T14:27:54.963+0530] {dag.py:4410} INFO - [DAG TEST] end task task_id=check_environment map_index=-1
[2026-05-02T14:27:54.971+0530] {dag.py:4396} INFO - [DAG TEST] starting task_id=ingest_source_data_to_s3_and_load_raw_snowflake map_index=-1
[2026-05-02T14:27:54.971+0530] {dag.py:4399} INFO - [DAG TEST] running task <TaskInstance: recomart_cli_end_to_end_pipeline.ingest_source_data_to_s3_and_load_raw_snowflake manual__2026-05-02T14:27:52+00:00 [scheduled]>
[2026-05-02 14:27:54,982] {taskinstance.py:3134} INFO - Exporting env vars: AIRFLOW_CTX_DAG_OWNER='recomart-data-platform' AIRFLOW_CTX_DAG_ID='recomart_cli_end_to_end_pipeline' AIRFLOW_CTX_TASK_ID='ingest_source_data_to_s3_and_load_raw_snowflake' AIRFLOW_CTX_EXECUTION_DATE='2026-05-02T14:27:52+00:00' AIRFLOW_CTX_TRY_NUMBER='1' AIRFLOW_CTX_DAG_RUN_ID='manual__2026-05-02T14:27:52+00:00'
[2026-05-02T14:27:54.982+0530] {taskinstance.py:3134} INFO - Exporting env vars: AIRFLOW_CTX_DAG_OWNER='recomart-data-platform' AIRFLOW_CTX_DAG_ID='recomart_cli_end_to_end_pipeline' AIRFLOW_CTX_TASK_ID='ingest_source_data_to_s3_and_load_raw_snowflake' AIRFLOW_CTX_EXECUTION_DATE='2026-05-02T14:27:52+00:00' AIRFLOW_CTX_TRY_NUMBER='1' AIRFLOW_CTX_DAG_RUN_ID='manual__2026-05-02T14:27:52+00:00'
[2026-05-02T14:27:54.982+0530] {taskinstance.py:732} INFO - ::endgroup::
[2026-05-02 14:27:54,983] {subprocess.py:78} INFO - Tmp dir root location: /var/folders/5l/ggx_ps317gg8f1skc6s5fnl40000gn/T
[2026-05-02T14:27:54.983+0530] {subprocess.py:78} INFO - Tmp dir root location: /var/folders/5l/ggx_ps317gg8f1skc6s5fnl40000gn/T
[2026-05-02 14:27:54,983] {subprocess.py:88} INFO - Running command: ['/bin/bash', '-c', '\n    set -e\n    cd "/Users/sd/Desktop/recomart_pipeline"\n    mkdir -p logs/airflow\n    echo "============================================================" | tee -a "/Users/sd/Desktop/recomart_pipeline/logs/airflow/02_ingestion_and_raw_load.log"\n    echo "Starting command at $(date)" | tee -a "/Users/sd/Desktop/recomart_pipeline/logs/airflow/02_ingestion_and_raw_load.log"\n    echo "Command: "/Users/sd/Desktop/recomart_pipeline/.venv/bin/python" ingestion/run_ingestion.py" | tee -a "/Users/sd/Desktop/recomart_pipeline/logs/airflow/02_ingestion_and_raw_load.log"\n    echo "============================================================" | tee -a "/Users/sd/Desktop/recomart_pipeline/logs/airflow/02_ingestion_and_raw_load.log"\n    "/Users/sd/Desktop/recomart_pipeline/.venv/bin/python" ingestion/run_ingestion.py 2>&1 | tee -a "/Users/sd/Desktop/recomart_pipeline/logs/airflow/02_ingestion_and_raw_load.log"\n    EXIT_CODE=${PIPESTATUS[0]}\n    echo "============================================================" | tee -a "/Users/sd/Desktop/recomart_pipeline/logs/airflow/02_ingestion_and_raw_load.log"\n    echo "Finished command at $(date) with exit code $EXIT_CODE" | tee -a "/Users/sd/Desktop/recomart_pipeline/logs/airflow/02_ingestion_and_raw_load.log"\n    echo "============================================================" | tee -a "/Users/sd/Desktop/recomart_pipeline/logs/airflow/02_ingestion_and_raw_load.log"\n    exit $EXIT_CODE\n    ']
[2026-05-02T14:27:54.983+0530] {subprocess.py:88} INFO - Running command: ['/bin/bash', '-c', '\n    set -e\n    cd "/Users/sd/Desktop/recomart_pipeline"\n    mkdir -p logs/airflow\n    echo "============================================================" | tee -a "/Users/sd/Desktop/recomart_pipeline/logs/airflow/02_ingestion_and_raw_load.log"\n    echo "Starting command at $(date)" | tee -a "/Users/sd/Desktop/recomart_pipeline/logs/airflow/02_ingestion_and_raw_load.log"\n    echo "Command: "/Users/sd/Desktop/recomart_pipeline/.venv/bin/python" ingestion/run_ingestion.py" | tee -a "/Users/sd/Desktop/recomart_pipeline/logs/airflow/02_ingestion_and_raw_load.log"\n    echo "============================================================" | tee -a "/Users/sd/Desktop/recomart_pipeline/logs/airflow/02_ingestion_and_raw_load.log"\n    "/Users/sd/Desktop/recomart_pipeline/.venv/bin/python" ingestion/run_ingestion.py 2>&1 | tee -a "/Users/sd/Desktop/recomart_pipeline/logs/airflow/02_ingestion_and_raw_load.log"\n    EXIT_CODE=${PIPESTATUS[0]}\n    echo "============================================================" | tee -a "/Users/sd/Desktop/recomart_pipeline/logs/airflow/02_ingestion_and_raw_load.log"\n    echo "Finished command at $(date) with exit code $EXIT_CODE" | tee -a "/Users/sd/Desktop/recomart_pipeline/logs/airflow/02_ingestion_and_raw_load.log"\n    echo "============================================================" | tee -a "/Users/sd/Desktop/recomart_pipeline/logs/airflow/02_ingestion_and_raw_load.log"\n    exit $EXIT_CODE\n    ']
[2026-05-02 14:27:54,987] {subprocess.py:99} INFO - Output:
[2026-05-02T14:27:54.987+0530] {subprocess.py:99} INFO - Output:
[2026-05-02 14:27:55,004] {subprocess.py:106} INFO - ============================================================
[2026-05-02T14:27:55.004+0530] {subprocess.py:106} INFO - ============================================================
[2026-05-02 14:27:55,009] {subprocess.py:106} INFO - Starting command at Sat May  2 14:27:55 IST 2026
[2026-05-02T14:27:55.009+0530] {subprocess.py:106} INFO - Starting command at Sat May  2 14:27:55 IST 2026
[2026-05-02 14:27:55,014] {subprocess.py:106} INFO - Command: /Users/sd/Desktop/recomart_pipeline/.venv/bin/python ingestion/run_ingestion.py
[2026-05-02T14:27:55.014+0530] {subprocess.py:106} INFO - Command: /Users/sd/Desktop/recomart_pipeline/.venv/bin/python ingestion/run_ingestion.py
[2026-05-02 14:27:55,019] {subprocess.py:106} INFO - ============================================================
[2026-05-02T14:27:55.019+0530] {subprocess.py:106} INFO - ============================================================
[2026-05-02 14:27:55,787] {subprocess.py:106} INFO - 2026-05-02 14:27:55,787 | INFO | run_ingestion | Starting RecoMart ingestion pipeline
[2026-05-02T14:27:55.787+0530] {subprocess.py:106} INFO - 2026-05-02 14:27:55,787 | INFO | run_ingestion | Starting RecoMart ingestion pipeline
[2026-05-02 14:27:55,909] {subprocess.py:106} INFO - 2026-05-02 14:27:55,909 | INFO | recomart_csv_ingestion | Starting RecoMart CSV ingestion. batch_id=cce5b8b2-8eb4-4092-8a9b-23e3246cac8c
[2026-05-02T14:27:55.909+0530] {subprocess.py:106} INFO - 2026-05-02 14:27:55,909 | INFO | recomart_csv_ingestion | Starting RecoMart CSV ingestion. batch_id=cce5b8b2-8eb4-4092-8a9b-23e3246cac8c
[2026-05-02 14:27:55,909] {subprocess.py:106} INFO - 2026-05-02 14:27:55,909 | INFO | recomart_csv_ingestion | Uploading data/source/recomart/events.csv to s3://recomartdatalake/raw/recomart/events/ingestion_date=2026-05-02/events.csv
[2026-05-02T14:27:55.909+0530] {subprocess.py:106} INFO - 2026-05-02 14:27:55,909 | INFO | recomart_csv_ingestion | Uploading data/source/recomart/events.csv to s3://recomartdatalake/raw/recomart/events/ingestion_date=2026-05-02/events.csv
[2026-05-02 14:28:41,315] {subprocess.py:106} INFO - 2026-05-02 14:28:41,313 | INFO | recomart_csv_ingestion | Upload successful: s3://recomartdatalake/raw/recomart/events/ingestion_date=2026-05-02/events.csv
[2026-05-02T14:28:41.315+0530] {subprocess.py:106} INFO - 2026-05-02 14:28:41,313 | INFO | recomart_csv_ingestion | Upload successful: s3://recomartdatalake/raw/recomart/events/ingestion_date=2026-05-02/events.csv
[2026-05-02 14:28:41,315] {subprocess.py:106} INFO - 2026-05-02 14:28:41,315 | INFO | recomart_csv_ingestion | Uploading data/source/recomart/item_properties_part1.csv to s3://recomartdatalake/raw/recomart/item_properties/ingestion_date=2026-05-02/item_properties_part1.csv
[2026-05-02T14:28:41.315+0530] {subprocess.py:106} INFO - 2026-05-02 14:28:41,315 | INFO | recomart_csv_ingestion | Uploading data/source/recomart/item_properties_part1.csv to s3://recomartdatalake/raw/recomart/item_properties/ingestion_date=2026-05-02/item_properties_part1.csv
