2026-04-30 15:27:08,206 | INFO | run_ingestion | Starting RecoMart ingestion pipeline
2026-04-30 15:27:08,301 | INFO | recomart_csv_ingestion | Starting RecoMart CSV ingestion. batch_id=bb122f16-426f-4279-905d-411d9fa54d06
2026-04-30 15:27:08,301 | INFO | recomart_csv_ingestion | Uploading data/source/recomart/events.csv to s3://recomartdatalake/raw/recomart/events/ingestion_date=2026-04-30/events.csv
2026-04-30 15:27:29,535 | INFO | recomart_csv_ingestion | Upload successful: s3://recomartdatalake/raw/recomart/events/ingestion_date=2026-04-30/events.csv
2026-04-30 15:27:29,536 | INFO | recomart_csv_ingestion | Uploading data/source/recomart/item_properties_part1.csv to s3://recomartdatalake/raw/recomart/item_properties/ingestion_date=2026-04-30/item_properties_part1.csv
2026-04-30 15:29:09,413 | INFO | recomart_csv_ingestion | Upload successful: s3://recomartdatalake/raw/recomart/item_properties/ingestion_date=2026-04-30/item_properties_part1.csv
2026-04-30 15:29:09,415 | INFO | recomart_csv_ingestion | Uploading data/source/recomart/item_properties_part2.csv to s3://recomartdatalake/raw/recomart/item_properties/ingestion_date=2026-04-30/item_properties_part2.csv
2026-04-30 15:30:33,176 | INFO | recomart_csv_ingestion | Upload successful: s3://recomartdatalake/raw/recomart/item_properties/ingestion_date=2026-04-30/item_properties_part2.csv
2026-04-30 15:30:33,177 | INFO | recomart_csv_ingestion | Uploading data/source/recomart/category_tree.csv to s3://recomartdatalake/raw/recomart/category_tree/ingestion_date=2026-04-30/category_tree.csv
2026-04-30 15:30:33,275 | INFO | recomart_csv_ingestion | Upload successful: s3://recomartdatalake/raw/recomart/category_tree/ingestion_date=2026-04-30/category_tree.csv
2026-04-30 15:30:33,275 | INFO | recomart_csv_ingestion | RecoMart CSV ingestion completed with status=SUCCESS
2026-04-30 15:30:33,280 | INFO | external_api_ingestion | Starting external API ingestion. batch_id=bef74979-1b6d-4755-995b-0f72b2ceb213
2026-04-30 15:30:33,280 | INFO | external_api_ingestion | Fetching external product data from API: https://dummyjson.com/products
2026-04-30 15:30:33,911 | INFO | external_api_ingestion | External API fetch successful
2026-04-30 15:30:33,935 | INFO | external_api_ingestion | Uploading external API JSON to s3://recomartdatalake/raw/external_api/dummyjson_products/ingestion_date=2026-04-30/products.json
2026-04-30 15:30:34,279 | INFO | external_api_ingestion | Upload successful: s3://recomartdatalake/raw/external_api/dummyjson_products/ingestion_date=2026-04-30/products.json
2026-04-30 15:30:34,280 | INFO | external_api_ingestion | External API ingestion completed with status=SUCCESS
2026-04-30 15:30:34,280 | INFO | run_ingestion | RecoMart ingestion pipeline completed
2026-04-30 15:30:34,280 | INFO | run_ingestion | {
  "pipeline_name": "recomart_raw_data_ingestion",
  "pipeline_start_time": "2026-04-30T09:57:08.206537+00:00",
  "pipeline_end_time": "2026-04-30T10:00:34.280719+00:00",
  "recomart_csv_ingestion": {
    "batch_id": "bb122f16-426f-4279-905d-411d9fa54d06",
    "ingestion_date": "2026-04-30",
    "status": "SUCCESS",
    "uploaded_files": [
      {
        "source_name": "events",
        "local_path": "data/source/recomart/events.csv",
        "s3_path": "s3://recomartdatalake/raw/recomart/events/ingestion_date=2026-04-30/events.csv"
      },
      {
        "source_name": "item_properties_part1",
        "local_path": "data/source/recomart/item_properties_part1.csv",
        "s3_path": "s3://recomartdatalake/raw/recomart/item_properties/ingestion_date=2026-04-30/item_properties_part1.csv"
      },
      {
        "source_name": "item_properties_part2",
        "local_path": "data/source/recomart/item_properties_part2.csv",
        "s3_path": "s3://recomartdatalake/raw/recomart/item_properties/ingestion_date=2026-04-30/item_properties_part2.csv"
      },
      {
        "source_name": "category_tree",
        "local_path": "data/source/recomart/category_tree.csv",
        "s3_path": "s3://recomartdatalake/raw/recomart/category_tree/ingestion_date=2026-04-30/category_tree.csv"
      }
    ],
    "failed_files": []
  },
  "external_api_ingestion": {
    "batch_id": "bef74979-1b6d-4755-995b-0f72b2ceb213",
    "ingestion_date": "2026-04-30",
    "source_name": "dummyjson_products_api",
    "status": "SUCCESS",
    "s3_path": "s3://recomartdatalake/raw/external_api/dummyjson_products/ingestion_date=2026-04-30/products.json"
  }
}
2026-04-30 17:29:58,205 | INFO | run_ingestion | Starting RecoMart ingestion pipeline
2026-04-30 17:29:58,343 | INFO | recomart_csv_ingestion | Starting RecoMart CSV ingestion. batch_id=cfe7764a-7888-401e-a331-9f0604d8a19c
2026-04-30 17:29:58,343 | INFO | recomart_csv_ingestion | Uploading data/source/recomart/events.csv to s3://recomartdatalake/raw/recomart/events/ingestion_date=2026-04-30/events.csv
2026-04-30 17:30:18,376 | INFO | recomart_csv_ingestion | Upload successful: s3://recomartdatalake/raw/recomart/events/ingestion_date=2026-04-30/events.csv
2026-04-30 17:30:18,377 | INFO | recomart_csv_ingestion | Uploading data/source/recomart/item_properties_part1.csv to s3://recomartdatalake/raw/recomart/item_properties/ingestion_date=2026-04-30/item_properties_part1.csv
2026-04-30 17:31:57,790 | INFO | recomart_csv_ingestion | Upload successful: s3://recomartdatalake/raw/recomart/item_properties/ingestion_date=2026-04-30/item_properties_part1.csv
2026-04-30 17:31:57,792 | INFO | recomart_csv_ingestion | Uploading data/source/recomart/item_properties_part2.csv to s3://recomartdatalake/raw/recomart/item_properties/ingestion_date=2026-04-30/item_properties_part2.csv
2026-04-30 17:33:22,913 | INFO | recomart_csv_ingestion | Upload successful: s3://recomartdatalake/raw/recomart/item_properties/ingestion_date=2026-04-30/item_properties_part2.csv
2026-04-30 17:33:22,914 | INFO | recomart_csv_ingestion | Uploading data/source/recomart/category_tree.csv to s3://recomartdatalake/raw/recomart/category_tree/ingestion_date=2026-04-30/category_tree.csv
2026-04-30 17:33:23,005 | INFO | recomart_csv_ingestion | Upload successful: s3://recomartdatalake/raw/recomart/category_tree/ingestion_date=2026-04-30/category_tree.csv
2026-04-30 17:33:23,005 | INFO | recomart_csv_ingestion | RecoMart CSV ingestion completed with status=SUCCESS
2026-04-30 17:33:23,010 | INFO | external_api_ingestion | Starting external API ingestion. batch_id=f6130ccc-45f2-444e-a329-0a7f4d5f1415
2026-04-30 17:33:23,010 | INFO | external_api_ingestion | Fetching external product data from API: https://dummyjson.com/products
2026-04-30 17:33:24,031 | INFO | external_api_ingestion | External API fetch successful
2026-04-30 17:33:24,066 | INFO | external_api_ingestion | Uploading external API JSON to s3://recomartdatalake/raw/external_api/dummyjson_products/ingestion_date=2026-04-30/products.json
2026-04-30 17:33:24,342 | INFO | external_api_ingestion | Upload successful: s3://recomartdatalake/raw/external_api/dummyjson_products/ingestion_date=2026-04-30/products.json
2026-04-30 17:33:24,342 | INFO | external_api_ingestion | External API ingestion completed with status=SUCCESS
2026-04-30 17:33:24,346 | INFO | run_ingestion | RecoMart ingestion pipeline completed
2026-04-30 17:33:24,346 | INFO | run_ingestion | {
  "pipeline_name": "recomart_raw_data_ingestion",
  "pipeline_start_time": "2026-04-30T11:59:58.205622+00:00",
  "pipeline_end_time": "2026-04-30T12:03:24.346145+00:00",
  "recomart_csv_ingestion": {
    "batch_id": "cfe7764a-7888-401e-a331-9f0604d8a19c",
    "ingestion_date": "2026-04-30",
    "status": "SUCCESS",
    "uploaded_files": [
      {
        "source_name": "events",
        "local_path": "data/source/recomart/events.csv",
        "s3_path": "s3://recomartdatalake/raw/recomart/events/ingestion_date=2026-04-30/events.csv"
      },
      {
        "source_name": "item_properties_part1",
        "local_path": "data/source/recomart/item_properties_part1.csv",
        "s3_path": "s3://recomartdatalake/raw/recomart/item_properties/ingestion_date=2026-04-30/item_properties_part1.csv"
      },
      {
        "source_name": "item_properties_part2",
        "local_path": "data/source/recomart/item_properties_part2.csv",
        "s3_path": "s3://recomartdatalake/raw/recomart/item_properties/ingestion_date=2026-04-30/item_properties_part2.csv"
      },
      {
        "source_name": "category_tree",
        "local_path": "data/source/recomart/category_tree.csv",
        "s3_path": "s3://recomartdatalake/raw/recomart/category_tree/ingestion_date=2026-04-30/category_tree.csv"
      }
    ],
    "failed_files": []
  },
  "external_api_ingestion": {
    "batch_id": "f6130ccc-45f2-444e-a329-0a7f4d5f1415",
    "ingestion_date": "2026-04-30",
    "source_name": "dummyjson_products_api",
    "status": "SUCCESS",
    "s3_path": "s3://recomartdatalake/raw/external_api/dummyjson_products/ingestion_date=2026-04-30/products.json"
  }
}
2026-04-30 20:03:25,096 | INFO | run_ingestion | Starting RecoMart ingestion pipeline
2026-04-30 20:03:25,278 | INFO | recomart_csv_ingestion | Starting RecoMart CSV ingestion. batch_id=2f49ddfa-4910-449f-9413-8f923278848d
2026-04-30 20:03:25,278 | INFO | recomart_csv_ingestion | Uploading data/source/recomart/events.csv to s3://recomartdatalake/raw/recomart/events/ingestion_date=2026-04-30/events.csv
2026-04-30 20:03:45,362 | INFO | recomart_csv_ingestion | Upload successful: s3://recomartdatalake/raw/recomart/events/ingestion_date=2026-04-30/events.csv
2026-04-30 20:03:45,363 | INFO | recomart_csv_ingestion | Uploading data/source/recomart/item_properties_part1.csv to s3://recomartdatalake/raw/recomart/item_properties/ingestion_date=2026-04-30/item_properties_part1.csv
2026-04-30 20:05:26,106 | INFO | recomart_csv_ingestion | Upload successful: s3://recomartdatalake/raw/recomart/item_properties/ingestion_date=2026-04-30/item_properties_part1.csv
2026-04-30 20:05:26,107 | INFO | recomart_csv_ingestion | Uploading data/source/recomart/item_properties_part2.csv to s3://recomartdatalake/raw/recomart/item_properties/ingestion_date=2026-04-30/item_properties_part2.csv
2026-04-30 20:06:51,247 | INFO | recomart_csv_ingestion | Upload successful: s3://recomartdatalake/raw/recomart/item_properties/ingestion_date=2026-04-30/item_properties_part2.csv
2026-04-30 20:06:51,248 | INFO | recomart_csv_ingestion | Uploading data/source/recomart/category_tree.csv to s3://recomartdatalake/raw/recomart/category_tree/ingestion_date=2026-04-30/category_tree.csv
2026-04-30 20:06:51,326 | INFO | recomart_csv_ingestion | Upload successful: s3://recomartdatalake/raw/recomart/category_tree/ingestion_date=2026-04-30/category_tree.csv
2026-04-30 20:06:51,326 | INFO | recomart_csv_ingestion | RecoMart CSV ingestion completed with status=SUCCESS
2026-04-30 20:06:51,329 | INFO | external_api_ingestion | Starting external API ingestion. batch_id=962d49a7-d490-4b3b-8cd9-e33e4740bf12
2026-04-30 20:06:51,330 | INFO | external_api_ingestion | Fetching external product data from API: https://dummyjson.com/products
2026-04-30 20:06:52,155 | INFO | external_api_ingestion | External API fetch successful
2026-04-30 20:06:52,178 | INFO | external_api_ingestion | Uploading external API JSON to s3://recomartdatalake/raw/external_api/dummyjson_products/ingestion_date=2026-04-30/products.json
2026-04-30 20:06:52,459 | INFO | external_api_ingestion | Upload successful: s3://recomartdatalake/raw/external_api/dummyjson_products/ingestion_date=2026-04-30/products.json
2026-04-30 20:06:52,460 | INFO | external_api_ingestion | External API ingestion completed with status=SUCCESS
2026-04-30 20:06:52,462 | INFO | run_ingestion | RecoMart ingestion pipeline completed
2026-04-30 20:06:52,462 | INFO | run_ingestion | {
  "pipeline_name": "recomart_raw_data_ingestion",
  "pipeline_start_time": "2026-04-30T14:33:25.096170+00:00",
  "pipeline_end_time": "2026-04-30T14:36:52.462512+00:00",
  "recomart_csv_ingestion": {
    "batch_id": "2f49ddfa-4910-449f-9413-8f923278848d",
    "ingestion_date": "2026-04-30",
    "status": "SUCCESS",
    "uploaded_files": [
      {
        "source_name": "events",
        "local_path": "data/source/recomart/events.csv",
        "s3_path": "s3://recomartdatalake/raw/recomart/events/ingestion_date=2026-04-30/events.csv"
      },
      {
        "source_name": "item_properties_part1",
        "local_path": "data/source/recomart/item_properties_part1.csv",
        "s3_path": "s3://recomartdatalake/raw/recomart/item_properties/ingestion_date=2026-04-30/item_properties_part1.csv"
      },
      {
        "source_name": "item_properties_part2",
        "local_path": "data/source/recomart/item_properties_part2.csv",
        "s3_path": "s3://recomartdatalake/raw/recomart/item_properties/ingestion_date=2026-04-30/item_properties_part2.csv"
      },
      {
        "source_name": "category_tree",
        "local_path": "data/source/recomart/category_tree.csv",
        "s3_path": "s3://recomartdatalake/raw/recomart/category_tree/ingestion_date=2026-04-30/category_tree.csv"
      }
    ],
    "failed_files": []
  },
  "external_api_ingestion": {
    "batch_id": "962d49a7-d490-4b3b-8cd9-e33e4740bf12",
    "ingestion_date": "2026-04-30",
    "source_name": "dummyjson_products_api",
    "status": "SUCCESS",
    "s3_path": "s3://recomartdatalake/raw/external_api/dummyjson_products/ingestion_date=2026-04-30/products.json"
  }
}
2026-04-30 20:26:05,575 | INFO | run_ingestion | Starting RecoMart ingestion pipeline
2026-04-30 20:26:05,707 | INFO | recomart_csv_ingestion | Starting RecoMart CSV ingestion. batch_id=8fa15da2-4c78-4e1e-8dd3-faa72c34645d
2026-04-30 20:26:05,707 | INFO | recomart_csv_ingestion | Uploading data/source/recomart/events.csv to s3://recomartdatalake/raw/recomart/events/ingestion_date=2026-04-30/events.csv
2026-04-30 20:26:25,739 | INFO | recomart_csv_ingestion | Upload successful: s3://recomartdatalake/raw/recomart/events/ingestion_date=2026-04-30/events.csv
2026-04-30 20:26:25,741 | INFO | recomart_csv_ingestion | Uploading data/source/recomart/item_properties_part1.csv to s3://recomartdatalake/raw/recomart/item_properties/ingestion_date=2026-04-30/item_properties_part1.csv
2026-04-30 20:28:05,083 | INFO | recomart_csv_ingestion | Upload successful: s3://recomartdatalake/raw/recomart/item_properties/ingestion_date=2026-04-30/item_properties_part1.csv
2026-04-30 20:28:05,084 | INFO | recomart_csv_ingestion | Uploading data/source/recomart/item_properties_part2.csv to s3://recomartdatalake/raw/recomart/item_properties/ingestion_date=2026-04-30/item_properties_part2.csv
2026-04-30 20:29:28,908 | INFO | recomart_csv_ingestion | Upload successful: s3://recomartdatalake/raw/recomart/item_properties/ingestion_date=2026-04-30/item_properties_part2.csv
2026-04-30 20:29:28,911 | INFO | recomart_csv_ingestion | Uploading data/source/recomart/category_tree.csv to s3://recomartdatalake/raw/recomart/category_tree/ingestion_date=2026-04-30/category_tree.csv
2026-04-30 20:29:29,011 | INFO | recomart_csv_ingestion | Upload successful: s3://recomartdatalake/raw/recomart/category_tree/ingestion_date=2026-04-30/category_tree.csv
2026-04-30 20:29:29,011 | INFO | recomart_csv_ingestion | RecoMart CSV ingestion completed with status=SUCCESS
2026-04-30 20:29:29,017 | INFO | external_api_ingestion | Starting external API ingestion. batch_id=47d8c5ad-395a-427a-8d0c-2d08d1b9778d
2026-04-30 20:29:29,017 | INFO | external_api_ingestion | Fetching external product data from API: https://dummyjson.com/products
2026-04-30 20:29:29,882 | INFO | external_api_ingestion | External API fetch successful
2026-04-30 20:29:29,908 | INFO | external_api_ingestion | Uploading external API JSON to s3://recomartdatalake/raw/external_api/dummyjson_products/ingestion_date=2026-04-30/products.json
2026-04-30 20:29:30,226 | INFO | external_api_ingestion | Upload successful: s3://recomartdatalake/raw/external_api/dummyjson_products/ingestion_date=2026-04-30/products.json
2026-04-30 20:29:30,226 | INFO | external_api_ingestion | External API ingestion completed with status=SUCCESS
2026-04-30 20:29:30,230 | INFO | run_ingestion | S3 upload completed. Starting automated S3 to Snowflake RAW load.
2026-04-30 20:30:32,683 | INFO | run_ingestion | RecoMart ingestion + Snowflake RAW load pipeline completed
2026-04-30 20:30:32,683 | INFO | run_ingestion | {
  "pipeline_name": "recomart_raw_data_ingestion_and_snowflake_load",
  "pipeline_start_time": "2026-04-30T14:56:05.575885+00:00",
  "pipeline_end_time": "2026-04-30T15:00:32.683401+00:00",
  "recomart_csv_ingestion": {
    "batch_id": "8fa15da2-4c78-4e1e-8dd3-faa72c34645d",
    "ingestion_date": "2026-04-30",
    "status": "SUCCESS",
    "uploaded_files": [
      {
        "source_name": "events",
        "local_path": "data/source/recomart/events.csv",
        "s3_path": "s3://recomartdatalake/raw/recomart/events/ingestion_date=2026-04-30/events.csv"
      },
      {
        "source_name": "item_properties_part1",
        "local_path": "data/source/recomart/item_properties_part1.csv",
        "s3_path": "s3://recomartdatalake/raw/recomart/item_properties/ingestion_date=2026-04-30/item_properties_part1.csv"
      },
      {
        "source_name": "item_properties_part2",
        "local_path": "data/source/recomart/item_properties_part2.csv",
        "s3_path": "s3://recomartdatalake/raw/recomart/item_properties/ingestion_date=2026-04-30/item_properties_part2.csv"
      },
      {
        "source_name": "category_tree",
        "local_path": "data/source/recomart/category_tree.csv",
        "s3_path": "s3://recomartdatalake/raw/recomart/category_tree/ingestion_date=2026-04-30/category_tree.csv"
      }
    ],
    "failed_files": []
  },
  "external_api_ingestion": {
    "batch_id": "47d8c5ad-395a-427a-8d0c-2d08d1b9778d",
    "ingestion_date": "2026-04-30",
    "source_name": "dummyjson_products_api",
    "status": "SUCCESS",
    "s3_path": "s3://recomartdatalake/raw/external_api/dummyjson_products/ingestion_date=2026-04-30/products.json"
  },
  "snowflake_raw_load": "SUCCESS"
}
2026-04-30 20:39:52,198 | INFO | run_ingestion | Starting RecoMart ingestion pipeline
2026-04-30 20:39:52,351 | INFO | recomart_csv_ingestion | Starting RecoMart CSV ingestion. batch_id=ecc6aaf0-396c-4df4-a590-c2cd03771403
2026-04-30 20:39:52,351 | INFO | recomart_csv_ingestion | Uploading data/source/recomart/events.csv to s3://recomartdatalake/raw/recomart/events/ingestion_date=2026-04-30/events.csv
2026-04-30 20:40:12,195 | INFO | recomart_csv_ingestion | Upload successful: s3://recomartdatalake/raw/recomart/events/ingestion_date=2026-04-30/events.csv
2026-04-30 20:40:12,196 | INFO | recomart_csv_ingestion | Uploading data/source/recomart/item_properties_part1.csv to s3://recomartdatalake/raw/recomart/item_properties/ingestion_date=2026-04-30/item_properties_part1.csv
2026-04-30 20:41:26,500 | INFO | run_ingestion | Starting RecoMart ingestion pipeline
2026-04-30 20:41:26,622 | INFO | recomart_csv_ingestion | Starting RecoMart CSV ingestion. batch_id=bd537dc6-9c2e-4da8-a719-66b0483e56ce
2026-04-30 20:41:26,623 | INFO | recomart_csv_ingestion | Uploading data/source/recomart/events.csv to s3://recomartdatalake/raw/recomart/events/ingestion_date=2026-04-30/events.csv
2026-04-30 20:42:09,243 | INFO | recomart_csv_ingestion | Upload successful: s3://recomartdatalake/raw/recomart/events/ingestion_date=2026-04-30/events.csv
2026-04-30 20:42:09,244 | INFO | recomart_csv_ingestion | Uploading data/source/recomart/item_properties_part1.csv to s3://recomartdatalake/raw/recomart/item_properties/ingestion_date=2026-04-30/item_properties_part1.csv
2026-04-30 20:42:15,667 | INFO | recomart_csv_ingestion | Upload successful: s3://recomartdatalake/raw/recomart/item_properties/ingestion_date=2026-04-30/item_properties_part1.csv
2026-04-30 20:42:15,667 | INFO | recomart_csv_ingestion | Uploading data/source/recomart/item_properties_part2.csv to s3://recomartdatalake/raw/recomart/item_properties/ingestion_date=2026-04-30/item_properties_part2.csv
2026-04-30 20:45:02,146 | INFO | recomart_csv_ingestion | Upload successful: s3://recomartdatalake/raw/recomart/item_properties/ingestion_date=2026-04-30/item_properties_part2.csv
2026-04-30 20:45:02,149 | INFO | recomart_csv_ingestion | Uploading data/source/recomart/category_tree.csv to s3://recomartdatalake/raw/recomart/category_tree/ingestion_date=2026-04-30/category_tree.csv
2026-04-30 20:45:02,260 | INFO | recomart_csv_ingestion | Upload successful: s3://recomartdatalake/raw/recomart/category_tree/ingestion_date=2026-04-30/category_tree.csv
2026-04-30 20:45:02,261 | INFO | recomart_csv_ingestion | RecoMart CSV ingestion completed with status=SUCCESS
2026-04-30 20:45:02,266 | INFO | external_api_ingestion | Starting external API ingestion. batch_id=26807050-6a15-4f16-8227-6a72bd2068e7
2026-04-30 20:45:02,267 | INFO | external_api_ingestion | Fetching external product data from API: https://dummyjson.com/products
2026-04-30 20:45:03,060 | INFO | external_api_ingestion | External API fetch successful
2026-04-30 20:45:03,086 | INFO | external_api_ingestion | Uploading external API JSON to s3://recomartdatalake/raw/external_api/dummyjson_products/ingestion_date=2026-04-30/products.json
2026-04-30 20:45:03,386 | INFO | external_api_ingestion | Upload successful: s3://recomartdatalake/raw/external_api/dummyjson_products/ingestion_date=2026-04-30/products.json
2026-04-30 20:45:03,387 | INFO | external_api_ingestion | External API ingestion completed with status=SUCCESS
2026-04-30 20:45:03,390 | INFO | run_ingestion | S3 upload completed. Starting automated S3 to Snowflake RAW load.
2026-04-30 20:45:17,096 | INFO | recomart_csv_ingestion | Upload successful: s3://recomartdatalake/raw/recomart/item_properties/ingestion_date=2026-04-30/item_properties_part1.csv
2026-04-30 20:45:17,097 | INFO | recomart_csv_ingestion | Uploading data/source/recomart/item_properties_part2.csv to s3://recomartdatalake/raw/recomart/item_properties/ingestion_date=2026-04-30/item_properties_part2.csv
2026-04-30 20:45:35,529 | INFO | run_ingestion | RecoMart ingestion + Snowflake RAW load pipeline completed
2026-04-30 20:45:35,530 | INFO | run_ingestion | {
  "pipeline_name": "recomart_raw_data_ingestion_and_snowflake_load",
  "pipeline_start_time": "2026-04-30T15:09:52.198391+00:00",
  "pipeline_end_time": "2026-04-30T15:15:35.529413+00:00",
  "recomart_csv_ingestion": {
    "batch_id": "ecc6aaf0-396c-4df4-a590-c2cd03771403",
    "ingestion_date": "2026-04-30",
    "status": "SUCCESS",
    "uploaded_files": [
      {
        "source_name": "events",
        "local_path": "data/source/recomart/events.csv",
        "s3_path": "s3://recomartdatalake/raw/recomart/events/ingestion_date=2026-04-30/events.csv"
      },
      {
        "source_name": "item_properties_part1",
        "local_path": "data/source/recomart/item_properties_part1.csv",
        "s3_path": "s3://recomartdatalake/raw/recomart/item_properties/ingestion_date=2026-04-30/item_properties_part1.csv"
      },
      {
        "source_name": "item_properties_part2",
        "local_path": "data/source/recomart/item_properties_part2.csv",
        "s3_path": "s3://recomartdatalake/raw/recomart/item_properties/ingestion_date=2026-04-30/item_properties_part2.csv"
      },
      {
        "source_name": "category_tree",
        "local_path": "data/source/recomart/category_tree.csv",
        "s3_path": "s3://recomartdatalake/raw/recomart/category_tree/ingestion_date=2026-04-30/category_tree.csv"
      }
    ],
    "failed_files": []
  },
  "external_api_ingestion": {
    "batch_id": "26807050-6a15-4f16-8227-6a72bd2068e7",
    "ingestion_date": "2026-04-30",
    "source_name": "dummyjson_products_api",
    "status": "SUCCESS",
    "s3_path": "s3://recomartdatalake/raw/external_api/dummyjson_products/ingestion_date=2026-04-30/products.json"
  },
  "snowflake_raw_load": "SUCCESS"
}
2026-04-30 20:46:42,318 | INFO | recomart_csv_ingestion | Upload successful: s3://recomartdatalake/raw/recomart/item_properties/ingestion_date=2026-04-30/item_properties_part2.csv
2026-04-30 20:46:42,319 | INFO | recomart_csv_ingestion | Uploading data/source/recomart/category_tree.csv to s3://recomartdatalake/raw/recomart/category_tree/ingestion_date=2026-04-30/category_tree.csv
2026-04-30 20:46:42,405 | INFO | recomart_csv_ingestion | Upload successful: s3://recomartdatalake/raw/recomart/category_tree/ingestion_date=2026-04-30/category_tree.csv
2026-04-30 20:46:42,405 | INFO | recomart_csv_ingestion | RecoMart CSV ingestion completed with status=SUCCESS
2026-04-30 20:46:42,409 | INFO | external_api_ingestion | Starting external API ingestion. batch_id=a73e21b1-cbb2-4b72-a71b-0568114672fe
2026-04-30 20:46:42,409 | INFO | external_api_ingestion | Fetching external product data from API: https://dummyjson.com/products
2026-04-30 20:46:43,010 | INFO | external_api_ingestion | External API fetch successful
2026-04-30 20:46:43,053 | INFO | external_api_ingestion | Uploading external API JSON to s3://recomartdatalake/raw/external_api/dummyjson_products/ingestion_date=2026-04-30/products.json
2026-04-30 20:46:43,324 | INFO | external_api_ingestion | Upload successful: s3://recomartdatalake/raw/external_api/dummyjson_products/ingestion_date=2026-04-30/products.json
2026-04-30 20:46:43,325 | INFO | external_api_ingestion | External API ingestion completed with status=SUCCESS
2026-04-30 20:46:43,327 | INFO | run_ingestion | S3 upload completed. Starting automated S3 to Snowflake RAW load.
2026-04-30 20:47:29,820 | INFO | run_ingestion | RecoMart ingestion + Snowflake RAW load pipeline completed
2026-04-30 20:47:29,821 | INFO | run_ingestion | {
  "pipeline_name": "recomart_raw_data_ingestion_and_snowflake_load",
  "pipeline_start_time": "2026-04-30T15:11:26.500606+00:00",
  "pipeline_end_time": "2026-04-30T15:17:29.820807+00:00",
  "recomart_csv_ingestion": {
    "batch_id": "bd537dc6-9c2e-4da8-a719-66b0483e56ce",
    "ingestion_date": "2026-04-30",
    "status": "SUCCESS",
    "uploaded_files": [
      {
        "source_name": "events",
        "local_path": "data/source/recomart/events.csv",
        "s3_path": "s3://recomartdatalake/raw/recomart/events/ingestion_date=2026-04-30/events.csv"
      },
      {
        "source_name": "item_properties_part1",
        "local_path": "data/source/recomart/item_properties_part1.csv",
        "s3_path": "s3://recomartdatalake/raw/recomart/item_properties/ingestion_date=2026-04-30/item_properties_part1.csv"
      },
      {
        "source_name": "item_properties_part2",
        "local_path": "data/source/recomart/item_properties_part2.csv",
        "s3_path": "s3://recomartdatalake/raw/recomart/item_properties/ingestion_date=2026-04-30/item_properties_part2.csv"
      },
      {
        "source_name": "category_tree",
        "local_path": "data/source/recomart/category_tree.csv",
        "s3_path": "s3://recomartdatalake/raw/recomart/category_tree/ingestion_date=2026-04-30/category_tree.csv"
      }
    ],
    "failed_files": []
  },
  "external_api_ingestion": {
    "batch_id": "a73e21b1-cbb2-4b72-a71b-0568114672fe",
    "ingestion_date": "2026-04-30",
    "source_name": "dummyjson_products_api",
    "status": "SUCCESS",
    "s3_path": "s3://recomartdatalake/raw/external_api/dummyjson_products/ingestion_date=2026-04-30/products.json"
  },
  "snowflake_raw_load": "SUCCESS"
}
