2026-04-30 18:29:11,406 | INFO | recomart_model_training | Starting model training. run_id=c9ad0eb2-6594-45fa-b99a-54a485a014bc
2026-04-30 18:29:13,525 | INFO | recomart_model_training | Using source_validation_batch_id=20260430030321
2026-04-30 18:29:17,500 | INFO | recomart_model_training | Loaded training rows: 76603
2026-04-30 18:58:11,349 | INFO | recomart_model_training | Starting model training. run_id=3571852c-5f20-4896-9202-1069a909c253
2026-04-30 18:58:13,286 | INFO | recomart_model_training | Using source_validation_batch_id=20260430030321
2026-04-30 18:58:23,466 | INFO | recomart_model_training | Loaded training rows: 10677
2026-04-30 18:58:36,968 | INFO | recomart_model_training | Model training completed successfully. run_id=3571852c-5f20-4896-9202-1069a909c253
2026-04-30 18:58:36,969 | INFO | recomart_model_training | Metrics: {
  "precision_at_k": 0.008854166666666672,
  "recall_at_k": 0.08854166666666667,
  "ndcg_at_k": 0.05563388818864936,
  "hit_rate_at_k": 0.08854166666666667,
  "evaluated_users": 384
}
2026-04-30 18:58:37,155 | INFO | recomart_model_training | Snowflake connection closed
2026-04-30 20:10:34,804 | INFO | recomart_model_training | Starting model training. run_id=26046283-e600-4c8c-84a4-991880d319dd
2026-04-30 20:10:37,010 | INFO | recomart_model_training | Using source_validation_batch_id=20260430030321
2026-04-30 20:10:38,841 | INFO | recomart_model_training | Loaded training rows: 10675
2026-04-30 20:10:47,412 | INFO | recomart_model_training | Model training completed successfully. run_id=26046283-e600-4c8c-84a4-991880d319dd
2026-04-30 20:10:47,412 | INFO | recomart_model_training | Metrics: {
  "precision_at_k": 0.01059431524547804,
  "recall_at_k": 0.10594315245478036,
  "ndcg_at_k": 0.06589714858572993,
  "hit_rate_at_k": 0.10594315245478036,
  "evaluated_users": 387
}
2026-04-30 20:10:47,695 | INFO | recomart_model_training | Snowflake connection closed
2026-04-30 20:33:42,815 | INFO | recomart_model_training | Starting model training. run_id=b34eab25-6666-46fc-9022-db9515a8df24
2026-04-30 20:33:44,229 | INFO | recomart_model_training | Using source_validation_batch_id=20260430075931
2026-04-30 20:33:48,021 | INFO | recomart_model_training | Loaded training rows: 10723
2026-04-30 20:33:50,626 | INFO | recomart_model_training | Model training completed successfully. run_id=b34eab25-6666-46fc-9022-db9515a8df24
2026-04-30 20:33:50,626 | INFO | recomart_model_training | Metrics: {
  "precision_at_k": 0.007792207792207796,
  "recall_at_k": 0.07792207792207792,
  "ndcg_at_k": 0.049459165353990704,
  "hit_rate_at_k": 0.07792207792207792,
  "evaluated_users": 385
}
2026-04-30 20:33:50,851 | INFO | recomart_model_training | Snowflake connection closed
2026-04-30 20:50:08,617 | INFO | recomart_model_training | Starting model training. run_id=8dab2e16-c85e-40da-a9b5-029bc9d33414
2026-04-30 20:50:10,766 | INFO | recomart_model_training | Using source_validation_batch_id=20260430081645
2026-04-30 20:50:11,830 | INFO | recomart_model_training | Loaded training rows: 10709
2026-04-30 20:50:14,126 | INFO | recomart_model_training | Model training completed successfully. run_id=8dab2e16-c85e-40da-a9b5-029bc9d33414
2026-04-30 20:50:14,126 | INFO | recomart_model_training | Metrics: {
  "precision_at_k": 0.007792207792207796,
  "recall_at_k": 0.07792207792207792,
  "ndcg_at_k": 0.04977292098949356,
  "hit_rate_at_k": 0.07792207792207792,
  "evaluated_users": 385
}
2026-04-30 20:50:14,359 | INFO | recomart_model_training | Snowflake connection closed
2026-05-02 15:16:42,038 | INFO | recomart_model_training | Starting model training. run_id=bf8e9ced-46e7-4aa8-a376-95133dc88830
2026-05-02 15:16:43,696 | INFO | recomart_model_training | Using source_validation_batch_id=20260502024231
2026-05-02 15:16:44,824 | INFO | recomart_model_training | Loaded training rows: 10742
2026-05-02 15:16:47,323 | INFO | recomart_model_training | Model training completed successfully. run_id=bf8e9ced-46e7-4aa8-a376-95133dc88830
2026-05-02 15:16:47,324 | INFO | recomart_model_training | Metrics: {
  "precision_at_k": 0.010909090909090912,
  "recall_at_k": 0.10909090909090909,
  "ndcg_at_k": 0.059628248124353564,
  "hit_rate_at_k": 0.10909090909090909,
  "evaluated_users": 385
}
2026-05-02 15:16:47,512 | INFO | recomart_model_training | Snowflake connection closed
2026-05-02 15:46:31,938 | INFO | recomart_model_training | Starting model training. run_id=b14f3158-eb22-44e4-9a60-4c6ec3e0c8ea
2026-05-02 15:46:33,288 | INFO | recomart_model_training | Using source_validation_batch_id=20260502031153
2026-05-02 15:46:34,279 | INFO | recomart_model_training | Loaded training rows: 10693
2026-05-02 15:46:36,162 | INFO | recomart_model_training | Model training completed successfully. run_id=b14f3158-eb22-44e4-9a60-4c6ec3e0c8ea
2026-05-02 15:46:36,162 | INFO | recomart_model_training | Metrics: {
  "precision_at_k": 0.008333333333333337,
  "recall_at_k": 0.08333333333333333,
  "ndcg_at_k": 0.048749011071743176,
  "hit_rate_at_k": 0.08333333333333333,
  "evaluated_users": 384
}
2026-05-02 15:46:36,359 | INFO | recomart_model_training | Snowflake connection closed
