2026-04-30 16:29:25,700 | INFO | recomart_preparation | Starting RecoMart data preparation pipeline
2026-04-30 16:29:27,385 | INFO | recomart_preparation | Executing SQL file: sql/preparation/00_add_preparation_objects.sql
2026-04-30 16:29:27,543 | INFO | recomart_preparation | Statement executed successfully
2026-04-30 16:29:27,662 | INFO | recomart_preparation | Statement executed successfully
2026-04-30 16:29:27,938 | INFO | recomart_preparation | Statement executed successfully
2026-04-30 16:29:28,192 | INFO | recomart_preparation | Statement executed successfully
2026-04-30 16:29:28,442 | INFO | recomart_preparation | Statement executed successfully
2026-04-30 16:29:28,703 | INFO | recomart_preparation | Statement executed successfully
2026-04-30 16:29:28,877 | INFO | recomart_preparation | Statement executed successfully
2026-04-30 16:29:29,038 | INFO | recomart_preparation | Statement executed successfully
2026-04-30 16:29:29,209 | INFO | recomart_preparation | Statement executed successfully
2026-04-30 16:29:29,411 | INFO | recomart_preparation | Statement executed successfully
2026-04-30 16:29:29,572 | INFO | recomart_preparation | Statement executed successfully
2026-04-30 16:29:29,714 | INFO | recomart_preparation | Statement executed successfully
2026-04-30 16:29:29,869 | INFO | recomart_preparation | Statement executed successfully
2026-04-30 16:29:30,050 | INFO | recomart_preparation | Statement executed successfully
2026-04-30 16:29:30,231 | INFO | recomart_preparation | Statement executed successfully
2026-04-30 16:29:30,232 | INFO | recomart_preparation | Executing SQL file: sql/preparation/01_prepare_clean_datasets.sql
2026-04-30 16:29:30,362 | INFO | recomart_preparation | Statement executed successfully
2026-04-30 16:29:30,490 | INFO | recomart_preparation | Statement executed successfully
2026-04-30 16:29:30,639 | INFO | recomart_preparation | Statement executed successfully
2026-04-30 16:29:30,783 | INFO | recomart_preparation | Statement executed successfully
2026-04-30 16:29:30,910 | INFO | recomart_preparation | Statement executed successfully
2026-04-30 16:29:31,164 | INFO | recomart_preparation | Statement executed successfully
2026-04-30 16:29:31,706 | INFO | recomart_preparation | Statement executed successfully
2026-04-30 16:29:32,002 | INFO | recomart_preparation | Statement executed successfully
2026-04-30 16:29:32,229 | INFO | recomart_preparation | Statement executed successfully
2026-04-30 16:29:34,589 | INFO | recomart_preparation | Statement executed successfully
2026-04-30 16:29:55,871 | INFO | recomart_preparation | Statement executed successfully
2026-04-30 16:29:56,272 | INFO | recomart_preparation | Statement executed successfully
2026-04-30 16:29:56,869 | INFO | recomart_preparation | Statement executed successfully
2026-04-30 16:29:56,870 | INFO | recomart_preparation | Executing SQL file: sql/preparation/02_create_user_item_interactions.sql
2026-04-30 16:29:56,989 | INFO | recomart_preparation | Statement executed successfully
2026-04-30 16:29:57,093 | INFO | recomart_preparation | Statement executed successfully
2026-04-30 16:29:57,300 | INFO | recomart_preparation | Statement executed successfully
2026-04-30 16:29:57,433 | INFO | recomart_preparation | Statement executed successfully
2026-04-30 16:29:57,656 | INFO | recomart_preparation | Statement executed successfully
2026-04-30 16:30:00,490 | INFO | recomart_preparation | Statement executed successfully
2026-04-30 16:30:00,491 | INFO | recomart_preparation | Executing SQL file: sql/preparation/03_create_user_item_features.sql
2026-04-30 16:30:00,607 | INFO | recomart_preparation | Statement executed successfully
2026-04-30 16:30:00,720 | INFO | recomart_preparation | Statement executed successfully
2026-04-30 16:30:00,902 | INFO | recomart_preparation | Statement executed successfully
2026-04-30 16:30:01,023 | INFO | recomart_preparation | Statement executed successfully
2026-04-30 16:30:02,979 | INFO | recomart_preparation | Statement executed successfully
2026-04-30 16:30:03,212 | INFO | recomart_preparation | Statement executed successfully
2026-04-30 16:30:04,095 | INFO | recomart_preparation | Statement executed successfully
2026-04-30 16:30:10,389 | INFO | recomart_preparation | Statement executed successfully
2026-04-30 16:30:11,463 | INFO | recomart_preparation | Statement executed successfully
2026-04-30 16:30:13,418 | INFO | recomart_preparation | Statement executed successfully
2026-04-30 16:30:13,418 | INFO | recomart_preparation | RecoMart data preparation completed successfully
2026-04-30 16:30:13,611 | INFO | recomart_preparation | Snowflake connection closed
2026-04-30 17:35:55,118 | INFO | recomart_preparation | Starting RecoMart data preparation pipeline
2026-04-30 17:35:56,959 | INFO | recomart_preparation | Executing SQL file: sql/preparation/00_add_preparation_objects.sql
2026-04-30 17:35:57,083 | INFO | recomart_preparation | Statement executed successfully
2026-04-30 17:35:57,216 | INFO | recomart_preparation | Statement executed successfully
2026-04-30 17:35:57,349 | INFO | recomart_preparation | Statement executed successfully
2026-04-30 17:35:57,473 | INFO | recomart_preparation | Statement executed successfully
2026-04-30 17:35:57,588 | INFO | recomart_preparation | Statement executed successfully
2026-04-30 17:35:57,703 | INFO | recomart_preparation | Statement executed successfully
2026-04-30 17:35:57,819 | INFO | recomart_preparation | Statement executed successfully
2026-04-30 17:35:57,929 | INFO | recomart_preparation | Statement executed successfully
2026-04-30 17:35:58,039 | INFO | recomart_preparation | Statement executed successfully
2026-04-30 17:35:58,160 | INFO | recomart_preparation | Statement executed successfully
2026-04-30 17:35:58,276 | INFO | recomart_preparation | Statement executed successfully
2026-04-30 17:35:58,404 | INFO | recomart_preparation | Statement executed successfully
2026-04-30 17:35:58,522 | INFO | recomart_preparation | Statement executed successfully
2026-04-30 17:35:58,638 | INFO | recomart_preparation | Statement executed successfully
2026-04-30 17:35:58,755 | INFO | recomart_preparation | Statement executed successfully
2026-04-30 17:35:58,756 | INFO | recomart_preparation | Executing SQL file: sql/preparation/01_prepare_clean_datasets.sql
2026-04-30 17:35:58,868 | INFO | recomart_preparation | Statement executed successfully
2026-04-30 17:35:58,977 | INFO | recomart_preparation | Statement executed successfully
2026-04-30 17:35:59,183 | INFO | recomart_preparation | Statement executed successfully
2026-04-30 17:35:59,306 | INFO | recomart_preparation | Statement executed successfully
2026-04-30 17:35:59,416 | INFO | recomart_preparation | Statement executed successfully
2026-04-30 17:35:59,674 | INFO | recomart_preparation | Statement executed successfully
2026-04-30 17:35:59,940 | INFO | recomart_preparation | Statement executed successfully
2026-04-30 17:36:00,205 | INFO | recomart_preparation | Statement executed successfully
2026-04-30 17:36:01,124 | INFO | recomart_preparation | Statement executed successfully
2026-04-30 17:36:03,220 | INFO | recomart_preparation | Statement executed successfully
2026-04-30 17:36:28,630 | INFO | recomart_preparation | Statement executed successfully
2026-04-30 17:36:29,146 | INFO | recomart_preparation | Statement executed successfully
2026-04-30 17:36:31,130 | INFO | recomart_preparation | Statement executed successfully
2026-04-30 17:36:31,130 | INFO | recomart_preparation | Executing SQL file: sql/preparation/02_create_user_item_interactions.sql
2026-04-30 17:36:31,250 | INFO | recomart_preparation | Statement executed successfully
2026-04-30 17:36:31,362 | INFO | recomart_preparation | Statement executed successfully
2026-04-30 17:36:31,539 | INFO | recomart_preparation | Statement executed successfully
2026-04-30 17:36:31,657 | INFO | recomart_preparation | Statement executed successfully
2026-04-30 17:36:31,917 | INFO | recomart_preparation | Statement executed successfully
2026-04-30 17:36:33,731 | INFO | recomart_preparation | Statement executed successfully
2026-04-30 17:36:33,731 | INFO | recomart_preparation | Executing SQL file: sql/preparation/03_create_user_item_features.sql
2026-04-30 17:36:33,843 | INFO | recomart_preparation | Statement executed successfully
2026-04-30 17:36:33,958 | INFO | recomart_preparation | Statement executed successfully
2026-04-30 17:36:34,098 | INFO | recomart_preparation | Statement executed successfully
2026-04-30 17:36:34,216 | INFO | recomart_preparation | Statement executed successfully
2026-04-30 17:36:37,616 | INFO | recomart_preparation | Statement executed successfully
2026-04-30 17:36:37,876 | INFO | recomart_preparation | Statement executed successfully
2026-04-30 17:36:38,123 | INFO | recomart_preparation | Statement executed successfully
2026-04-30 17:36:39,800 | INFO | recomart_preparation | Statement executed successfully
2026-04-30 17:36:40,862 | INFO | recomart_preparation | Statement executed successfully
2026-04-30 17:36:43,019 | INFO | recomart_preparation | Statement executed successfully
2026-04-30 17:36:43,019 | INFO | recomart_preparation | RecoMart data preparation completed successfully
2026-04-30 17:36:43,213 | INFO | recomart_preparation | Snowflake connection closed
2026-04-30 20:07:58,408 | INFO | recomart_preparation | Starting RecoMart data preparation pipeline
2026-04-30 20:07:59,004 | INFO | recomart_preparation | Executing SQL file: sql/preparation/00_add_preparation_objects.sql
2026-04-30 20:07:59,150 | INFO | recomart_preparation | Statement executed successfully
2026-04-30 20:07:59,275 | INFO | recomart_preparation | Statement executed successfully
2026-04-30 20:07:59,424 | INFO | recomart_preparation | Statement executed successfully
2026-04-30 20:07:59,562 | INFO | recomart_preparation | Statement executed successfully
2026-04-30 20:07:59,760 | INFO | recomart_preparation | Statement executed successfully
2026-04-30 20:07:59,875 | INFO | recomart_preparation | Statement executed successfully
2026-04-30 20:07:59,989 | INFO | recomart_preparation | Statement executed successfully
2026-04-30 20:08:00,112 | INFO | recomart_preparation | Statement executed successfully
2026-04-30 20:08:00,231 | INFO | recomart_preparation | Statement executed successfully
2026-04-30 20:08:00,360 | INFO | recomart_preparation | Statement executed successfully
2026-04-30 20:08:00,476 | INFO | recomart_preparation | Statement executed successfully
2026-04-30 20:08:00,592 | INFO | recomart_preparation | Statement executed successfully
2026-04-30 20:08:00,714 | INFO | recomart_preparation | Statement executed successfully
2026-04-30 20:08:00,840 | INFO | recomart_preparation | Statement executed successfully
2026-04-30 20:08:00,960 | INFO | recomart_preparation | Statement executed successfully
2026-04-30 20:08:00,961 | INFO | recomart_preparation | Executing SQL file: sql/preparation/01_prepare_clean_datasets.sql
2026-04-30 20:08:01,073 | INFO | recomart_preparation | Statement executed successfully
2026-04-30 20:08:01,196 | INFO | recomart_preparation | Statement executed successfully
2026-04-30 20:08:01,408 | INFO | recomart_preparation | Statement executed successfully
2026-04-30 20:08:01,527 | INFO | recomart_preparation | Statement executed successfully
2026-04-30 20:08:01,647 | INFO | recomart_preparation | Statement executed successfully
2026-04-30 20:08:09,261 | INFO | recomart_preparation | Statement executed successfully
2026-04-30 20:08:09,579 | INFO | recomart_preparation | Statement executed successfully
2026-04-30 20:08:09,839 | INFO | recomart_preparation | Statement executed successfully
2026-04-30 20:08:10,191 | INFO | recomart_preparation | Statement executed successfully
2026-04-30 20:08:12,166 | INFO | recomart_preparation | Statement executed successfully
2026-04-30 20:08:37,359 | INFO | recomart_preparation | Statement executed successfully
2026-04-30 20:08:41,585 | INFO | recomart_preparation | Statement executed successfully
2026-04-30 20:08:42,014 | INFO | recomart_preparation | Statement executed successfully
2026-04-30 20:08:42,014 | INFO | recomart_preparation | Executing SQL file: sql/preparation/02_create_user_item_interactions.sql
2026-04-30 20:08:42,129 | INFO | recomart_preparation | Statement executed successfully
2026-04-30 20:08:42,260 | INFO | recomart_preparation | Statement executed successfully
2026-04-30 20:08:42,532 | INFO | recomart_preparation | Statement executed successfully
2026-04-30 20:08:42,657 | INFO | recomart_preparation | Statement executed successfully
2026-04-30 20:08:42,921 | INFO | recomart_preparation | Statement executed successfully
2026-04-30 20:08:43,948 | INFO | recomart_preparation | Statement executed successfully
2026-04-30 20:08:43,948 | INFO | recomart_preparation | Executing SQL file: sql/preparation/03_create_user_item_features.sql
2026-04-30 20:08:44,063 | INFO | recomart_preparation | Statement executed successfully
2026-04-30 20:08:44,178 | INFO | recomart_preparation | Statement executed successfully
2026-04-30 20:08:44,306 | INFO | recomart_preparation | Statement executed successfully
2026-04-30 20:08:44,416 | INFO | recomart_preparation | Statement executed successfully
2026-04-30 20:08:47,663 | INFO | recomart_preparation | Statement executed successfully
2026-04-30 20:08:50,645 | INFO | recomart_preparation | Statement executed successfully
2026-04-30 20:08:50,934 | INFO | recomart_preparation | Statement executed successfully
2026-04-30 20:08:52,722 | INFO | recomart_preparation | Statement executed successfully
2026-04-30 20:08:53,882 | INFO | recomart_preparation | Statement executed successfully
2026-04-30 20:08:56,598 | INFO | recomart_preparation | Statement executed successfully
2026-04-30 20:08:56,598 | INFO | recomart_preparation | RecoMart data preparation completed successfully
2026-04-30 20:08:56,790 | INFO | recomart_preparation | Snowflake connection closed
2026-04-30 20:32:00,589 | INFO | recomart_preparation | Starting RecoMart data preparation pipeline
2026-04-30 20:32:05,499 | INFO | recomart_preparation | Executing SQL file: sql/preparation/00_add_preparation_objects.sql
2026-04-30 20:32:05,648 | INFO | recomart_preparation | Statement executed successfully
2026-04-30 20:32:05,780 | INFO | recomart_preparation | Statement executed successfully
2026-04-30 20:32:05,916 | INFO | recomart_preparation | Statement executed successfully
2026-04-30 20:32:06,043 | INFO | recomart_preparation | Statement executed successfully
2026-04-30 20:32:06,174 | INFO | recomart_preparation | Statement executed successfully
2026-04-30 20:32:06,294 | INFO | recomart_preparation | Statement executed successfully
2026-04-30 20:32:06,416 | INFO | recomart_preparation | Statement executed successfully
2026-04-30 20:32:06,585 | INFO | recomart_preparation | Statement executed successfully
2026-04-30 20:32:06,728 | INFO | recomart_preparation | Statement executed successfully
2026-04-30 20:32:06,851 | INFO | recomart_preparation | Statement executed successfully
2026-04-30 20:32:06,970 | INFO | recomart_preparation | Statement executed successfully
2026-04-30 20:32:07,090 | INFO | recomart_preparation | Statement executed successfully
2026-04-30 20:32:07,218 | INFO | recomart_preparation | Statement executed successfully
2026-04-30 20:32:07,341 | INFO | recomart_preparation | Statement executed successfully
2026-04-30 20:32:07,457 | INFO | recomart_preparation | Statement executed successfully
2026-04-30 20:32:07,457 | INFO | recomart_preparation | Executing SQL file: sql/preparation/01_prepare_clean_datasets.sql
2026-04-30 20:32:07,581 | INFO | recomart_preparation | Statement executed successfully
2026-04-30 20:32:07,694 | INFO | recomart_preparation | Statement executed successfully
2026-04-30 20:32:07,946 | INFO | recomart_preparation | Statement executed successfully
2026-04-30 20:32:08,070 | INFO | recomart_preparation | Statement executed successfully
2026-04-30 20:32:08,193 | INFO | recomart_preparation | Statement executed successfully
2026-04-30 20:32:08,401 | INFO | recomart_preparation | Statement executed successfully
2026-04-30 20:32:08,594 | INFO | recomart_preparation | Statement executed successfully
2026-04-30 20:32:08,777 | INFO | recomart_preparation | Statement executed successfully
2026-04-30 20:32:09,035 | INFO | recomart_preparation | Statement executed successfully
2026-04-30 20:32:11,404 | INFO | recomart_preparation | Statement executed successfully
2026-04-30 20:32:33,248 | INFO | recomart_preparation | Statement executed successfully
2026-04-30 20:32:33,769 | INFO | recomart_preparation | Statement executed successfully
2026-04-30 20:32:35,499 | INFO | recomart_preparation | Statement executed successfully
2026-04-30 20:32:35,499 | INFO | recomart_preparation | Executing SQL file: sql/preparation/02_create_user_item_interactions.sql
2026-04-30 20:32:35,622 | INFO | recomart_preparation | Statement executed successfully
2026-04-30 20:32:35,748 | INFO | recomart_preparation | Statement executed successfully
2026-04-30 20:32:35,958 | INFO | recomart_preparation | Statement executed successfully
2026-04-30 20:32:36,089 | INFO | recomart_preparation | Statement executed successfully
2026-04-30 20:32:36,293 | INFO | recomart_preparation | Statement executed successfully
2026-04-30 20:32:40,396 | INFO | recomart_preparation | Statement executed successfully
2026-04-30 20:32:40,396 | INFO | recomart_preparation | Executing SQL file: sql/preparation/03_create_user_item_features.sql
2026-04-30 20:32:40,521 | INFO | recomart_preparation | Statement executed successfully
2026-04-30 20:32:40,637 | INFO | recomart_preparation | Statement executed successfully
2026-04-30 20:32:40,797 | INFO | recomart_preparation | Statement executed successfully
2026-04-30 20:32:40,926 | INFO | recomart_preparation | Statement executed successfully
2026-04-30 20:32:41,210 | INFO | recomart_preparation | Statement executed successfully
2026-04-30 20:32:41,498 | INFO | recomart_preparation | Statement executed successfully
2026-04-30 20:32:41,776 | INFO | recomart_preparation | Statement executed successfully
2026-04-30 20:32:44,422 | INFO | recomart_preparation | Statement executed successfully
2026-04-30 20:32:45,524 | INFO | recomart_preparation | Statement executed successfully
2026-04-30 20:32:50,100 | INFO | recomart_preparation | Statement executed successfully
2026-04-30 20:32:50,100 | INFO | recomart_preparation | RecoMart data preparation completed successfully
2026-04-30 20:32:50,314 | INFO | recomart_preparation | Snowflake connection closed
2026-04-30 20:48:39,963 | INFO | recomart_preparation | Starting RecoMart data preparation pipeline
2026-04-30 20:48:42,249 | INFO | recomart_preparation | Executing SQL file: sql/preparation/00_add_preparation_objects.sql
2026-04-30 20:48:42,401 | INFO | recomart_preparation | Statement executed successfully
2026-04-30 20:48:42,531 | INFO | recomart_preparation | Statement executed successfully
2026-04-30 20:48:42,712 | INFO | recomart_preparation | Statement executed successfully
2026-04-30 20:48:42,834 | INFO | recomart_preparation | Statement executed successfully
2026-04-30 20:48:42,952 | INFO | recomart_preparation | Statement executed successfully
2026-04-30 20:48:43,067 | INFO | recomart_preparation | Statement executed successfully
2026-04-30 20:48:43,191 | INFO | recomart_preparation | Statement executed successfully
2026-04-30 20:48:43,307 | INFO | recomart_preparation | Statement executed successfully
2026-04-30 20:48:43,425 | INFO | recomart_preparation | Statement executed successfully
2026-04-30 20:48:43,544 | INFO | recomart_preparation | Statement executed successfully
2026-04-30 20:48:43,662 | INFO | recomart_preparation | Statement executed successfully
2026-04-30 20:48:43,775 | INFO | recomart_preparation | Statement executed successfully
2026-04-30 20:48:43,879 | INFO | recomart_preparation | Statement executed successfully
2026-04-30 20:48:43,987 | INFO | recomart_preparation | Statement executed successfully
2026-04-30 20:48:44,099 | INFO | recomart_preparation | Statement executed successfully
2026-04-30 20:48:44,100 | INFO | recomart_preparation | Executing SQL file: sql/preparation/01_prepare_clean_datasets.sql
2026-04-30 20:48:44,207 | INFO | recomart_preparation | Statement executed successfully
2026-04-30 20:48:44,336 | INFO | recomart_preparation | Statement executed successfully
2026-04-30 20:48:44,584 | INFO | recomart_preparation | Statement executed successfully
2026-04-30 20:48:44,699 | INFO | recomart_preparation | Statement executed successfully
2026-04-30 20:48:44,823 | INFO | recomart_preparation | Statement executed successfully
2026-04-30 20:48:45,004 | INFO | recomart_preparation | Statement executed successfully
2026-04-30 20:48:45,244 | INFO | recomart_preparation | Statement executed successfully
2026-04-30 20:48:45,492 | INFO | recomart_preparation | Statement executed successfully
2026-04-30 20:48:45,710 | INFO | recomart_preparation | Statement executed successfully
2026-04-30 20:48:50,646 | INFO | recomart_preparation | Statement executed successfully
2026-04-30 20:49:14,088 | INFO | recomart_preparation | Statement executed successfully
2026-04-30 20:49:15,090 | INFO | recomart_preparation | Statement executed successfully
2026-04-30 20:49:15,536 | INFO | recomart_preparation | Statement executed successfully
2026-04-30 20:49:15,537 | INFO | recomart_preparation | Executing SQL file: sql/preparation/02_create_user_item_interactions.sql
2026-04-30 20:49:15,651 | INFO | recomart_preparation | Statement executed successfully
2026-04-30 20:49:15,760 | INFO | recomart_preparation | Statement executed successfully
2026-04-30 20:49:15,932 | INFO | recomart_preparation | Statement executed successfully
2026-04-30 20:49:16,054 | INFO | recomart_preparation | Statement executed successfully
2026-04-30 20:49:16,226 | INFO | recomart_preparation | Statement executed successfully
2026-04-30 20:49:17,267 | INFO | recomart_preparation | Statement executed successfully
2026-04-30 20:49:17,267 | INFO | recomart_preparation | Executing SQL file: sql/preparation/03_create_user_item_features.sql
2026-04-30 20:49:17,382 | INFO | recomart_preparation | Statement executed successfully
2026-04-30 20:49:17,500 | INFO | recomart_preparation | Statement executed successfully
2026-04-30 20:49:17,649 | INFO | recomart_preparation | Statement executed successfully
2026-04-30 20:49:17,760 | INFO | recomart_preparation | Statement executed successfully
2026-04-30 20:49:18,014 | INFO | recomart_preparation | Statement executed successfully
2026-04-30 20:49:18,286 | INFO | recomart_preparation | Statement executed successfully
2026-04-30 20:49:18,548 | INFO | recomart_preparation | Statement executed successfully
2026-04-30 20:49:21,107 | INFO | recomart_preparation | Statement executed successfully
2026-04-30 20:49:22,507 | INFO | recomart_preparation | Statement executed successfully
2026-04-30 20:49:26,452 | INFO | recomart_preparation | Statement executed successfully
2026-04-30 20:49:26,452 | INFO | recomart_preparation | RecoMart data preparation completed successfully
2026-04-30 20:49:26,636 | INFO | recomart_preparation | Snowflake connection closed
2026-05-02 15:15:19,499 | INFO | recomart_preparation | Starting RecoMart data preparation pipeline
2026-05-02 15:15:20,073 | INFO | recomart_preparation | Executing SQL file: sql/preparation/00_add_preparation_objects.sql
2026-05-02 15:15:20,211 | INFO | recomart_preparation | Statement executed successfully
2026-05-02 15:15:20,336 | INFO | recomart_preparation | Statement executed successfully
2026-05-02 15:15:20,497 | INFO | recomart_preparation | Statement executed successfully
2026-05-02 15:15:20,606 | INFO | recomart_preparation | Statement executed successfully
2026-05-02 15:15:20,708 | INFO | recomart_preparation | Statement executed successfully
2026-05-02 15:15:20,860 | INFO | recomart_preparation | Statement executed successfully
2026-05-02 15:15:20,977 | INFO | recomart_preparation | Statement executed successfully
2026-05-02 15:15:21,080 | INFO | recomart_preparation | Statement executed successfully
2026-05-02 15:15:21,210 | INFO | recomart_preparation | Statement executed successfully
2026-05-02 15:15:21,328 | INFO | recomart_preparation | Statement executed successfully
2026-05-02 15:15:21,436 | INFO | recomart_preparation | Statement executed successfully
2026-05-02 15:15:21,552 | INFO | recomart_preparation | Statement executed successfully
2026-05-02 15:15:21,678 | INFO | recomart_preparation | Statement executed successfully
2026-05-02 15:15:21,779 | INFO | recomart_preparation | Statement executed successfully
2026-05-02 15:15:21,893 | INFO | recomart_preparation | Statement executed successfully
2026-05-02 15:15:21,893 | INFO | recomart_preparation | Executing SQL file: sql/preparation/01_prepare_clean_datasets.sql
2026-05-02 15:15:22,003 | INFO | recomart_preparation | Statement executed successfully
2026-05-02 15:15:22,119 | INFO | recomart_preparation | Statement executed successfully
2026-05-02 15:15:22,532 | INFO | recomart_preparation | Statement executed successfully
2026-05-02 15:15:22,660 | INFO | recomart_preparation | Statement executed successfully
2026-05-02 15:15:22,767 | INFO | recomart_preparation | Statement executed successfully
2026-05-02 15:15:23,140 | INFO | recomart_preparation | Statement executed successfully
2026-05-02 15:15:23,414 | INFO | recomart_preparation | Statement executed successfully
2026-05-02 15:15:23,758 | INFO | recomart_preparation | Statement executed successfully
2026-05-02 15:15:24,017 | INFO | recomart_preparation | Statement executed successfully
2026-05-02 15:15:26,421 | INFO | recomart_preparation | Statement executed successfully
2026-05-02 15:15:50,488 | INFO | recomart_preparation | Statement executed successfully
2026-05-02 15:15:51,205 | INFO | recomart_preparation | Statement executed successfully
2026-05-02 15:15:51,922 | INFO | recomart_preparation | Statement executed successfully
2026-05-02 15:15:51,923 | INFO | recomart_preparation | Executing SQL file: sql/preparation/02_create_user_item_interactions.sql
2026-05-02 15:15:52,034 | INFO | recomart_preparation | Statement executed successfully
2026-05-02 15:15:52,144 | INFO | recomart_preparation | Statement executed successfully
2026-05-02 15:15:52,536 | INFO | recomart_preparation | Statement executed successfully
2026-05-02 15:15:52,666 | INFO | recomart_preparation | Statement executed successfully
2026-05-02 15:15:52,890 | INFO | recomart_preparation | Statement executed successfully
2026-05-02 15:15:54,072 | INFO | recomart_preparation | Statement executed successfully
2026-05-02 15:15:54,072 | INFO | recomart_preparation | Executing SQL file: sql/preparation/03_create_user_item_features.sql
2026-05-02 15:15:54,186 | INFO | recomart_preparation | Statement executed successfully
2026-05-02 15:15:54,298 | INFO | recomart_preparation | Statement executed successfully
2026-05-02 15:15:54,443 | INFO | recomart_preparation | Statement executed successfully
2026-05-02 15:15:54,556 | INFO | recomart_preparation | Statement executed successfully
2026-05-02 15:15:54,891 | INFO | recomart_preparation | Statement executed successfully
2026-05-02 15:15:55,301 | INFO | recomart_preparation | Statement executed successfully
2026-05-02 15:15:55,813 | INFO | recomart_preparation | Statement executed successfully
2026-05-02 15:15:57,145 | INFO | recomart_preparation | Statement executed successfully
2026-05-02 15:15:58,433 | INFO | recomart_preparation | Statement executed successfully
2026-05-02 15:16:02,847 | INFO | recomart_preparation | Statement executed successfully
2026-05-02 15:16:02,847 | INFO | recomart_preparation | RecoMart data preparation completed successfully
2026-05-02 15:16:03,020 | INFO | recomart_preparation | Snowflake connection closed
2026-05-02 15:45:11,828 | INFO | recomart_preparation | Starting RecoMart data preparation pipeline
2026-05-02 15:45:12,446 | INFO | recomart_preparation | Executing SQL file: sql/preparation/00_add_preparation_objects.sql
2026-05-02 15:45:12,608 | INFO | recomart_preparation | Statement executed successfully
2026-05-02 15:45:12,726 | INFO | recomart_preparation | Statement executed successfully
2026-05-02 15:45:12,854 | INFO | recomart_preparation | Statement executed successfully
2026-05-02 15:45:12,959 | INFO | recomart_preparation | Statement executed successfully
2026-05-02 15:45:13,080 | INFO | recomart_preparation | Statement executed successfully
2026-05-02 15:45:13,192 | INFO | recomart_preparation | Statement executed successfully
2026-05-02 15:45:13,331 | INFO | recomart_preparation | Statement executed successfully
2026-05-02 15:45:13,462 | INFO | recomart_preparation | Statement executed successfully
2026-05-02 15:45:13,574 | INFO | recomart_preparation | Statement executed successfully
2026-05-02 15:45:13,691 | INFO | recomart_preparation | Statement executed successfully
2026-05-02 15:45:13,797 | INFO | recomart_preparation | Statement executed successfully
2026-05-02 15:45:13,920 | INFO | recomart_preparation | Statement executed successfully
2026-05-02 15:45:14,068 | INFO | recomart_preparation | Statement executed successfully
2026-05-02 15:45:14,191 | INFO | recomart_preparation | Statement executed successfully
2026-05-02 15:45:14,711 | INFO | recomart_preparation | Statement executed successfully
2026-05-02 15:45:14,712 | INFO | recomart_preparation | Executing SQL file: sql/preparation/01_prepare_clean_datasets.sql
2026-05-02 15:45:14,823 | INFO | recomart_preparation | Statement executed successfully
2026-05-02 15:45:14,926 | INFO | recomart_preparation | Statement executed successfully
2026-05-02 15:45:15,191 | INFO | recomart_preparation | Statement executed successfully
2026-05-02 15:45:15,316 | INFO | recomart_preparation | Statement executed successfully
2026-05-02 15:45:15,418 | INFO | recomart_preparation | Statement executed successfully
2026-05-02 15:45:15,604 | INFO | recomart_preparation | Statement executed successfully
2026-05-02 15:45:15,793 | INFO | recomart_preparation | Statement executed successfully
2026-05-02 15:45:15,971 | INFO | recomart_preparation | Statement executed successfully
2026-05-02 15:45:16,269 | INFO | recomart_preparation | Statement executed successfully
2026-05-02 15:45:18,509 | INFO | recomart_preparation | Statement executed successfully
2026-05-02 15:45:43,580 | INFO | recomart_preparation | Statement executed successfully
2026-05-02 15:45:44,289 | INFO | recomart_preparation | Statement executed successfully
2026-05-02 15:45:44,905 | INFO | recomart_preparation | Statement executed successfully
2026-05-02 15:45:44,905 | INFO | recomart_preparation | Executing SQL file: sql/preparation/02_create_user_item_interactions.sql
2026-05-02 15:45:45,010 | INFO | recomart_preparation | Statement executed successfully
2026-05-02 15:45:45,117 | INFO | recomart_preparation | Statement executed successfully
2026-05-02 15:45:45,392 | INFO | recomart_preparation | Statement executed successfully
2026-05-02 15:45:45,519 | INFO | recomart_preparation | Statement executed successfully
2026-05-02 15:45:45,708 | INFO | recomart_preparation | Statement executed successfully
2026-05-02 15:45:46,664 | INFO | recomart_preparation | Statement executed successfully
2026-05-02 15:45:46,665 | INFO | recomart_preparation | Executing SQL file: sql/preparation/03_create_user_item_features.sql
2026-05-02 15:45:46,771 | INFO | recomart_preparation | Statement executed successfully
2026-05-02 15:45:46,878 | INFO | recomart_preparation | Statement executed successfully
2026-05-02 15:45:47,083 | INFO | recomart_preparation | Statement executed successfully
2026-05-02 15:45:47,208 | INFO | recomart_preparation | Statement executed successfully
2026-05-02 15:45:47,498 | INFO | recomart_preparation | Statement executed successfully
2026-05-02 15:45:47,862 | INFO | recomart_preparation | Statement executed successfully
2026-05-02 15:45:48,234 | INFO | recomart_preparation | Statement executed successfully
2026-05-02 15:45:49,532 | INFO | recomart_preparation | Statement executed successfully
2026-05-02 15:45:50,801 | INFO | recomart_preparation | Statement executed successfully
2026-05-02 15:45:55,929 | INFO | recomart_preparation | Statement executed successfully
2026-05-02 15:45:55,929 | INFO | recomart_preparation | RecoMart data preparation completed successfully
2026-05-02 15:45:56,102 | INFO | recomart_preparation | Snowflake connection closed
